<?xml version="1.0" encoding="utf-8"?><testsuites name="pytest tests"><testsuite name="pytest" errors="0" failures="1" skipped="1" tests="4004" time="7.020" timestamp="2025-09-05T14:13:10.638797+01:00" hostname="stefan-m2-2023.dyalog.bramley"><testcase classname="prolog.tests.unit.test_backtracking.TestChoicepointCreation" name="test_choicepoint_created_when_multiple_clauses_match" time="0.001" /><testcase classname="prolog.tests.unit.test_backtracking.TestChoicepointCreation" name="test_no_choicepoint_when_single_clause_matches" time="0.000" /><testcase classname="prolog.tests.unit.test_backtracking.TestChoicepointCreation" name="test_choicepoint_preserves_pre_goal_snapshot" time="0.000" /><testcase classname="prolog.tests.unit.test_backtracking.TestChoicepointCreation" name="test_choicepoint_cursor_positioned_at_next_clause" time="0.000" /><testcase classname="prolog.tests.unit.test_backtracking.TestChoicepointCreation" name="test_goal_retry_correctness_three_clauses" time="0.000" /><testcase classname="prolog.tests.unit.test_backtracking.TestBacktrackingImplementation" name="test_backtrack_restores_store_state_exactly" time="0.000" /><testcase classname="prolog.tests.unit.test_backtracking.TestBacktrackingImplementation" name="test_backtrack_restores_goal_stack_from_snapshot" time="0.002" /><testcase classname="prolog.tests.unit.test_backtracking.TestBacktrackingImplementation" name="test_backtrack_restores_cut_barrier" time="0.000" /><testcase classname="prolog.tests.unit.test_backtracking.TestBacktrackingImplementation" name="test_backtrack_reselects_same_goal_tries_next_clause" time="0.000" /><testcase classname="prolog.tests.unit.test_backtracking.TestBacktrackingImplementation" name="test_backtrack_chains_to_earlier_choicepoint_when_exhausted" time="0.001" /><testcase classname="prolog.tests.unit.test_backtracking.TestBacktrackingImplementation" name="test_backtrack_returns_false_when_no_choicepoints" time="0.000" /><testcase classname="prolog.tests.unit.test_backtracking.TestBacktrackingImplementation" name="test_state_fully_restored_between_solution_attempts" time="0.001" /><testcase classname="prolog.tests.unit.test_backtracking.TestBacktrackingImplementation" name="test_arity_zero_backtracking" time="0.000" /><testcase classname="prolog.tests.unit.test_backtracking.TestMultipleSolutions" name="test_collect_all_solutions_for_multi_clause_predicate" time="0.000" /><testcase classname="prolog.tests.unit.test_backtracking.TestMultipleSolutions" name="test_solutions_in_source_clause_order" time="0.001" /><testcase classname="prolog.tests.unit.test_backtracking.TestMultipleSolutions" name="test_max_solutions_limits_results_and_stops_searching" time="0.000" /><testcase classname="prolog.tests.unit.test_backtracking.TestMultipleSolutions" name="test_backtracking_through_nested_rules_preserves_order" time="0.001" /><testcase classname="prolog.tests.unit.test_backtracking.TestMultipleSolutions" name="test_state_isolation_failing_branch_doesnt_affect_later_success" time="0.001" /><testcase classname="prolog.tests.unit.test_builtins.TestBuiltinInfrastructure" name="test_is_builtin_recognizes_true" time="0.000" /><testcase classname="prolog.tests.unit.test_builtins.TestBuiltinInfrastructure" name="test_is_builtin_recognizes_fail" time="0.000" /><testcase classname="prolog.tests.unit.test_builtins.TestBuiltinInfrastructure" name="test_is_builtin_recognizes_call" time="0.000" /><testcase classname="prolog.tests.unit.test_builtins.TestBuiltinInfrastructure" name="test_is_builtin_recognizes_cut" time="0.000" /><testcase classname="prolog.tests.unit.test_builtins.TestBuiltinInfrastructure" name="test_unknown_predicate_not_builtin" time="0.000" /><testcase classname="prolog.tests.unit.test_builtins.TestBuiltinInfrastructure" name="test_builtin_fail_overrides_user_fact" time="0.000" /><testcase classname="prolog.tests.unit.test_builtins.TestBuiltinInfrastructure" name="test_builtin_true_overrides_user_rule" time="0.000" /><testcase classname="prolog.tests.unit.test_builtins.TestBuiltinInfrastructure" name="test_execute_builtin_dispatches_correctly" time="0.000" /><testcase classname="prolog.tests.unit.test_builtins.TestTrueAndFail" name="test_true_always_succeeds" time="0.000" /><testcase classname="prolog.tests.unit.test_builtins.TestTrueAndFail" name="test_fail_always_fails" time="0.000" /><testcase classname="prolog.tests.unit.test_builtins.TestTrueAndFail" name="test_true_in_conjunction_continues" time="0.000" /><testcase classname="prolog.tests.unit.test_builtins.TestTrueAndFail" name="test_fail_causes_backtracking" time="0.000" /><testcase classname="prolog.tests.unit.test_builtins.TestTrueAndFail" name="test_no_trail_entries_from_true_fail" time="0.000" /><testcase classname="prolog.tests.unit.test_builtins.TestTrueAndFail" name="test_true_fail_with_cut" time="0.000" /><testcase classname="prolog.tests.unit.test_builtins.TestTrueAndFail" name="test_true_idempotent" time="0.000" /><testcase classname="prolog.tests.unit.test_builtins.TestTrueAndFail" name="test_fail_dominates_conjunction" time="0.000" /><testcase classname="prolog.tests.unit.test_builtins.TestCall" name="test_call_with_atom_goal" time="0.000" /><testcase classname="prolog.tests.unit.test_builtins.TestCall" name="test_call_with_struct_goal" time="0.000" /><testcase classname="prolog.tests.unit.test_builtins.TestCall" name="test_call_with_variable_bound_to_goal" time="0.000" /><testcase classname="prolog.tests.unit.test_builtins.TestCall" name="test_call_with_deep_variable_deref" time="0.001" /><testcase classname="prolog.tests.unit.test_builtins.TestCall" name="test_call_with_unbound_variable_fails" time="0.000" /><testcase classname="prolog.tests.unit.test_builtins.TestCall" name="test_call_with_integer_fails" time="0.000" /><testcase classname="prolog.tests.unit.test_builtins.TestCall" name="test_call_undefined_callable_fails" time="0.000" /><testcase classname="prolog.tests.unit.test_builtins.TestCall" name="test_call_preserves_trail_and_store" time="0.000" /><testcase classname="prolog.tests.unit.test_builtins.TestCall" name="test_call_with_cut_executes_cut" time="0.000" /><testcase classname="prolog.tests.unit.test_builtins.TestCall" name="test_call_cut_with_surrounding_choicepoints" time="0.000" /><testcase classname="prolog.tests.unit.test_builtins.TestCall" name="test_call_pushes_goal" time="0.000" /><testcase classname="prolog.tests.unit.test_builtins.TestCall" name="test_call_with_builtin" time="0.000" /><testcase classname="prolog.tests.unit.test_builtins.TestCall" name="test_nested_call" time="0.000" /><testcase classname="prolog.tests.unit.test_builtins.TestCall" name="test_call_wrong_arity_goal_fails" time="0.000" /><testcase classname="prolog.tests.unit.test_builtins.TestCall" name="test_call_partially_instantiated_struct_no_match" time="0.000" /><testcase classname="prolog.tests.unit.test_builtins.TestBuiltinIntegration" name="test_builtins_with_backtracking" time="0.001" /><testcase classname="prolog.tests.unit.test_builtins.TestBuiltinIntegration" name="test_call_with_complex_goal" time="0.000" /><testcase classname="prolog.tests.unit.test_builtins.TestBuiltinIntegration" name="test_builtins_preserve_cut_barrier" time="0.000" /><testcase classname="prolog.tests.unit.test_choicepoint.TestChoicepoint" name="test_choicepoint_creation_with_all_fields" time="0.000" /><testcase classname="prolog.tests.unit.test_choicepoint.TestChoicepoint" name="test_choicepoint_stores_immutable_goal_snapshot" time="0.000" /><testcase classname="prolog.tests.unit.test_choicepoint.TestChoicepoint" name="test_choicepoint_pre_goal_snapshot_semantics" time="0.000" /><testcase classname="prolog.tests.unit.test_choicepoint.TestChoicepoint" name="test_choicepoint_immutability" time="0.000" /><testcase classname="prolog.tests.unit.test_choicepoint.TestChoicepoint" name="test_choicepoint_with_none_cut_barrier" time="0.000" /><testcase classname="prolog.tests.unit.test_choicepoint.TestChoiceStack" name="test_push_returns_unique_sequential_id" time="0.000" /><testcase classname="prolog.tests.unit.test_choicepoint.TestChoiceStack" name="test_push_stores_choicepoint_with_original_id" time="0.000" /><testcase classname="prolog.tests.unit.test_choicepoint.TestChoiceStack" name="test_pop_returns_most_recent_choicepoint_lifo" time="0.000" /><testcase classname="prolog.tests.unit.test_choicepoint.TestChoiceStack" name="test_pop_returns_none_when_empty" time="0.000" /><testcase classname="prolog.tests.unit.test_choicepoint.TestChoiceStack" name="test_cut_to_removes_exactly_newer_choicepoints" time="0.000" /><testcase classname="prolog.tests.unit.test_choicepoint.TestChoiceStack" name="test_cut_to_preserves_choicepoints_at_or_before_barrier" time="0.000" /><testcase classname="prolog.tests.unit.test_choicepoint.TestChoiceStack" name="test_cut_to_with_none_barrier_is_noop" time="0.000" /><testcase classname="prolog.tests.unit.test_choicepoint.TestChoiceStack" name="test_cut_to_all_choicepoints" time="0.000" /><testcase classname="prolog.tests.unit.test_choicepoint.TestChoiceStack" name="test_find_locates_choicepoint_by_id" time="0.000" /><testcase classname="prolog.tests.unit.test_choicepoint.TestChoiceStack" name="test_top_id_returns_current_top_id_or_none" time="0.000" /><testcase classname="prolog.tests.unit.test_choicepoint.TestChoiceStack" name="test_choicestack_preserves_cursor_state" time="0.000" /><testcase classname="prolog.tests.unit.test_choicepoint.TestChoiceStack" name="test_multiple_cut_operations" time="0.000" /><testcase classname="prolog.tests.unit.test_choicepoint.TestChoiceStack" name="test_current_id_returns_next_id_to_be_assigned" time="0.000" /><testcase classname="prolog.tests.unit.test_clauses.TestClause" name="test_clause_fact_creation" time="0.000" /><testcase classname="prolog.tests.unit.test_clauses.TestClause" name="test_clause_rule_creation" time="0.000" /><testcase classname="prolog.tests.unit.test_clauses.TestClause" name="test_clause_immutability" time="0.000" /><testcase classname="prolog.tests.unit.test_clauses.TestClause" name="test_clause_atom_head_as_zero_arity" time="0.000" /><testcase classname="prolog.tests.unit.test_clauses.TestClause" name="test_clause_equality" time="0.000" /><testcase classname="prolog.tests.unit.test_clauses.TestClause" name="test_clause_with_complex_terms" time="0.000" /><testcase classname="prolog.tests.unit.test_clauses.TestProgram" name="test_program_stores_clauses_in_order" time="0.000" /><testcase classname="prolog.tests.unit.test_clauses.TestProgram" name="test_clauses_for_matching_functor_arity" time="0.000" /><testcase classname="prolog.tests.unit.test_clauses.TestProgram" name="test_clauses_for_discriminates_by_arity" time="0.000" /><testcase classname="prolog.tests.unit.test_clauses.TestProgram" name="test_clauses_for_returns_empty_for_no_matches" time="0.000" /><testcase classname="prolog.tests.unit.test_clauses.TestProgram" name="test_clauses_for_preserves_order" time="0.000" /><testcase classname="prolog.tests.unit.test_clauses.TestProgram" name="test_clauses_for_repeated_calls_stable" time="0.000" /><testcase classname="prolog.tests.unit.test_clauses.TestProgram" name="test_program_clauses_immutable" time="0.000" /><testcase classname="prolog.tests.unit.test_clauses.TestProgram" name="test_program_handles_atom_heads" time="0.000" /><testcase classname="prolog.tests.unit.test_clauses.TestProgram" name="test_clauses_for_mixed_arities" time="0.000" /><testcase classname="prolog.tests.unit.test_clauses.TestProgram" name="test_program_empty" time="0.000" /><testcase classname="prolog.tests.unit.test_clauses.TestClauseCursor" name="test_cursor_initialization_with_matches" time="0.000" /><testcase classname="prolog.tests.unit.test_clauses.TestClauseCursor" name="test_has_more_when_clauses_available" time="0.000" /><testcase classname="prolog.tests.unit.test_clauses.TestClauseCursor" name="test_has_more_returns_false_when_exhausted" time="0.000" /><testcase classname="prolog.tests.unit.test_clauses.TestClauseCursor" name="test_peek_returns_next_without_advancing" time="0.000" /><testcase classname="prolog.tests.unit.test_clauses.TestClauseCursor" name="test_peek_after_take_reflects_next_element" time="0.000" /><testcase classname="prolog.tests.unit.test_clauses.TestClauseCursor" name="test_peek_take_when_empty_returns_none" time="0.000" /><testcase classname="prolog.tests.unit.test_clauses.TestClauseCursor" name="test_take_returns_next_and_advances_once" time="0.000" /><testcase classname="prolog.tests.unit.test_clauses.TestClauseCursor" name="test_clone_preserves_position" time="0.000" /><testcase classname="prolog.tests.unit.test_clauses.TestClauseCursor" name="test_clone_isolation" time="0.000" /><testcase classname="prolog.tests.unit.test_clauses.TestClauseCursor" name="test_cursor_exhausts_exactly_matches_list" time="0.000" /><testcase classname="prolog.tests.unit.test_clauses.TestClauseCursor" name="test_cursor_with_empty_matches" time="0.000" /><testcase classname="prolog.tests.unit.test_cut.TestCutBarrierTracking" name="test_cut_barrier_infrastructure_smoke_test" time="0.001" /><testcase classname="prolog.tests.unit.test_cut.TestCutBarrierTracking" name="test_barrier_restoration_across_clauses" time="0.004" /><testcase classname="prolog.tests.unit.test_cut.TestCutBuiltin" name="test_cut_removes_newer_choicepoints" time="0.002" /><testcase classname="prolog.tests.unit.test_cut.TestCutBuiltin" name="test_cut_preserves_older_choicepoints" time="0.001" /><testcase classname="prolog.tests.unit.test_cut.TestCutBuiltin" name="test_commit_then_fail_red_cut" time="0.000" /><testcase classname="prolog.tests.unit.test_cut.TestCutBuiltin" name="test_cut_at_start_commits_to_clause" time="0.006" /><testcase classname="prolog.tests.unit.test_cut.TestCutBuiltin" name="test_multiple_cuts_are_idempotent" time="0.001" /><testcase classname="prolog.tests.unit.test_cut.TestCutBuiltin" name="test_cut_as_last_goal" time="0.001" /><testcase classname="prolog.tests.unit.test_cut.TestCutBuiltin" name="test_green_cut_deterministic_behavior" time="0.001" /><testcase classname="prolog.tests.unit.test_cut.TestCutBuiltin" name="test_red_cut_would_change_semantics" time="0.001" /><testcase classname="prolog.tests.unit.test_cut.TestCutBuiltin" name="test_cut_in_recursive_member_stops_at_first" time="0.000" /><testcase classname="prolog.tests.unit.test_cut.TestCutBuiltin" name="test_if_then_else_pattern_works_with_cut" time="0.001" /><testcase classname="prolog.tests.unit.test_cut.TestCutEdgeCases" name="test_nested_cuts_respect_innermost_barrier" time="0.001" /><testcase classname="prolog.tests.unit.test_cut.TestCutEdgeCases" name="test_cut_inside_call_would_work" time="0.001" /><testcase classname="prolog.tests.unit.test_cut.TestCutEdgeCases" name="test_cut_interaction_with_failure" time="0.000" /><testcase classname="prolog.tests.unit.test_engine.TestEngineInitialization" name="test_engine_initializes_with_program" time="0.000" /><testcase classname="prolog.tests.unit.test_engine.TestEngineInitialization" name="test_engine_tracks_query_variables" time="0.001" /><testcase classname="prolog.tests.unit.test_engine.TestEngineInitialization" name="test_engine_sets_initial_var_cutoff" time="0.000" /><testcase classname="prolog.tests.unit.test_engine.TestEngineInitialization" name="test_engine_initializes_empty_solutions_list" time="0.000" /><testcase classname="prolog.tests.unit.test_engine.TestEngineInitialization" name="test_engine_reset_clears_state" time="0.000" /><testcase classname="prolog.tests.unit.test_engine.TestEngineInitialization" name="test_engine_with_max_solutions" time="0.000" /><testcase classname="prolog.tests.unit.test_engine.TestEngineInitialization" name="test_engine_with_trace_enabled" time="0.000" /><testcase classname="prolog.tests.unit.test_engine.TestSolutionRecording" name="test_record_solution_captures_query_variables_only" time="0.000" /><testcase classname="prolog.tests.unit.test_engine.TestSolutionRecording" name="test_record_solution_excludes_renamed_clause_variables" time="0.000" /><testcase classname="prolog.tests.unit.test_engine.TestSolutionRecording" name="test_record_solution_handles_unbound_variables" time="0.000" /><testcase classname="prolog.tests.unit.test_engine.TestSolutionRecording" name="test_reify_var_follows_bindings_to_terms" time="0.000" /><testcase classname="prolog.tests.unit.test_engine.TestSolutionRecording" name="test_solution_format_stable" time="0.000" /><testcase classname="prolog.tests.unit.test_engine.TestBasicFactQueries" name="test_query_matches_single_fact" time="0.000" /><testcase classname="prolog.tests.unit.test_engine.TestBasicFactQueries" name="test_query_fails_with_no_matching_facts" time="0.001" /><testcase classname="prolog.tests.unit.test_engine.TestBasicFactQueries" name="test_query_with_multiple_matching_facts" time="0.000" /><testcase classname="prolog.tests.unit.test_engine.TestBasicFactQueries" name="test_solutions_in_clause_source_order" time="0.000" /><testcase classname="prolog.tests.unit.test_engine.TestBasicFactQueries" name="test_no_side_effects_on_failed_head_unification" time="0.000" /><testcase classname="prolog.tests.unit.test_engine.TestRuleExpansion" name="test_rule_body_goals_pushed_in_correct_order" time="0.001" /><testcase classname="prolog.tests.unit.test_engine.TestRuleExpansion" name="test_nested_rule_expansion" time="0.002" /><testcase classname="prolog.tests.unit.test_engine.TestRuleExpansion" name="test_recursive_rules_dont_stack_overflow" time="0.011" /><testcase classname="prolog.tests.unit.test_engine.TestRuleExpansion" name="test_assert_no_python_recursion" time="0.000" /><testcase classname="prolog.tests.unit.test_engine_loop.TestBasicExecution" name="test_trivial_fact_query" time="0.000" /><testcase classname="prolog.tests.unit.test_engine_loop.TestBasicExecution" name="test_trivial_fact_with_variable" time="0.000" /><testcase classname="prolog.tests.unit.test_engine_loop.TestBasicExecution" name="test_conjunction_execution" time="0.001" /><testcase classname="prolog.tests.unit.test_engine_loop.TestBasicExecution" name="test_conjunction_associativity" time="0.000" /><testcase classname="prolog.tests.unit.test_engine_loop.TestBasicExecution" name="test_empty_query" time="0.000" /><testcase classname="prolog.tests.unit.test_engine_loop.TestBasicExecution" name="test_builtin_true" time="0.000" /><testcase classname="prolog.tests.unit.test_engine_loop.TestBasicExecution" name="test_builtin_fail" time="0.000" /><testcase classname="prolog.tests.unit.test_engine_loop.TestBasicExecution" name="test_builtin_then_call_left_to_right" time="0.000" /><testcase classname="prolog.tests.unit.test_engine_loop.TestBasicExecution" name="test_rule_body_execution" time="0.000" /><testcase classname="prolog.tests.unit.test_engine_loop.TestBasicExecution" name="test_no_recursion_in_control_flow" time="0.032" /><testcase classname="prolog.tests.unit.test_engine_loop.TestBasicExecution" name="test_same_functor_different_arity" time="0.001" /><testcase classname="prolog.tests.unit.test_engine_loop.TestEngineInvariants" name="test_heights_restored_exactly" time="0.001" /><testcase classname="prolog.tests.unit.test_engine_loop.TestEngineInvariants" name="test_ports_order" time="0.000" /><testcase classname="prolog.tests.unit.test_engine_loop.TestEngineInvariants" name="test_pop_frame_executes_once" time="0.000" /><testcase classname="prolog.tests.unit.test_engine_loop.TestBuiltinsTopLevel" name="test_true_and_fail_top_level" time="0.000" /><testcase classname="prolog.tests.unit.test_engine_loop.TestBuiltinsTopLevel" name="test_builtin_with_control" time="0.000" /><testcase classname="prolog.tests.unit.test_engine_loop.TestBacktracking" name="test_multiple_facts" time="0.000" /><testcase classname="prolog.tests.unit.test_engine_loop.TestBacktracking" name="test_conjunction_backtracking" time="0.001" /><testcase classname="prolog.tests.unit.test_engine_loop.TestBacktracking" name="test_all_pairs_depth_first" time="0.001" /><testcase classname="prolog.tests.unit.test_engine_loop.TestBacktracking" name="test_disjunction" time="0.000" /><testcase classname="prolog.tests.unit.test_engine_loop.TestBacktracking" name="test_backtrack_with_unification" time="0.001" /><testcase classname="prolog.tests.unit.test_engine_loop.TestBacktracking" name="test_max_solutions_limit" time="0.000" /><testcase classname="prolog.tests.unit.test_engine_loop.TestDisjunctionIsolation" name="test_right_branch_isolated" time="0.000" /><testcase classname="prolog.tests.unit.test_engine_loop.TestDisjunctionIsolation" name="test_disjunction_order" time="0.000" /><testcase classname="prolog.tests.unit.test_engine_loop.TestControlConstructs" name="test_cut_basic" time="0.000" /><testcase classname="prolog.tests.unit.test_engine_loop.TestControlConstructs" name="test_cut_in_conjunction" time="0.001" /><testcase classname="prolog.tests.unit.test_engine_loop.TestControlConstructs" name="test_cut_commits_within_predicate" time="0.000" /><testcase classname="prolog.tests.unit.test_engine_loop.TestControlConstructs" name="test_cut_does_not_escape_callee" time="0.000" /><testcase classname="prolog.tests.unit.test_engine_loop.TestControlConstructs" name="test_cut_commits_to_current_clause" time="0.000" /><testcase classname="prolog.tests.unit.test_engine_loop.TestControlConstructs" name="test_cut_with_disjunction" time="0.000" /><testcase classname="prolog.tests.unit.test_engine_loop.TestControlConstructs" name="test_cut_noop_without_new_cps" time="0.000" /><testcase classname="prolog.tests.unit.test_engine_loop.TestControlConstructs" name="test_cut_inside_then_does_not_escape_predicate" time="0.000" /><testcase classname="prolog.tests.unit.test_engine_loop.TestControlConstructs" name="test_if_then_else_true_condition" time="0.000" /><testcase classname="prolog.tests.unit.test_engine_loop.TestControlConstructs" name="test_if_then_else_false_condition" time="0.000" /><testcase classname="prolog.tests.unit.test_engine_loop.TestControlConstructs" name="test_nested_control_structures" time="0.000" /><testcase classname="prolog.tests.unit.test_engine_loop.TestIfThenElse" name="test_then_commits_after_first_cond_success" time="0.000" /><testcase classname="prolog.tests.unit.test_engine_loop.TestIfThenElse" name="test_cond_fails_runs_else" time="0.000" /><testcase classname="prolog.tests.unit.test_engine_loop.TestIfThenElse" name="test_cond_nondet_but_commits" time="0.000" /><testcase classname="prolog.tests.unit.test_engine_loop.TestIfThenElse" name="test_then_nondet_enumerates_after_commit" time="0.000" /><testcase classname="prolog.tests.unit.test_engine_loop.TestIfThenElse" name="test_else_nondet_enumerates_when_cond_fails" time="0.000" /><testcase classname="prolog.tests.unit.test_engine_loop.TestIfThenElse" name="test_control_cp_restores_heights" time="0.000" /><testcase classname="prolog.tests.unit.test_engine_loop.TestVariableIsolation" name="test_fresh_vars_per_clause_instance" time="0.001" /><testcase classname="prolog.tests.unit.test_engine_loop.TestVariableIsolation" name="test_variable_isolation" time="0.000" /><testcase classname="prolog.tests.unit.test_engine_loop.TestFrameAndChoicepoint" name="test_frame_creation_per_call" time="0.000" /><testcase classname="prolog.tests.unit.test_engine_loop.TestFrameAndChoicepoint" name="test_bind_then_fail_restores" time="0.001" /><testcase classname="prolog.tests.unit.test_engine_loop.TestFrameAndChoicepoint" name="test_restore_heights_for_predicate_cp" time="0.001" /><testcase classname="prolog.tests.unit.test_engine_loop.TestFrameAndChoicepoint" name="test_restore_heights_for_disjunction_cp" time="0.000" /><testcase classname="prolog.tests.unit.test_engine_loop.TestFrameAndChoicepoint" name="test_deep_backtracking" time="0.001" /><testcase classname="prolog.tests.unit.test_engine_loop.TestSolutionLimits" name="test_max_solutions_simple" time="0.000" /><testcase classname="prolog.tests.unit.test_engine_loop.TestSolutionLimits" name="test_max_solutions_with_cut" time="0.001" /><testcase classname="prolog.tests.unit.test_engine_loop.TestErrorHandling" name="test_undefined_predicate" time="0.000" /><testcase classname="prolog.tests.unit.test_engine_loop.TestErrorHandling" name="test_undefined_predicate_fails_in_dev" time="0.000" /><testcase classname="prolog.tests.unit.test_engine_loop.TestErrorHandling" name="test_undefined_predicate_errors_in_iso" time="0.000"><skipped type="pytest.skip" message="ISO mode not yet implemented">/Users/stefan/work/pylog/prolog/tests/unit/test_engine_loop.py:952: ISO mode not yet implemented</skipped></testcase><testcase classname="prolog.tests.unit.test_engine_loop.TestErrorHandling" name="test_unification_failure_not_error" time="0.000" /><testcase classname="prolog.tests.unit.test_engine_loop.TestErrorHandling" name="test_infinite_loop_with_limit" time="0.000" /><testcase classname="prolog.tests.unit.test_engine_loop.TestErrorHandling" name="test_occurs_check" time="0.000" /><testcase classname="prolog.tests.unit.test_engine_loop.TestErrorHandling" name="test_occurs_check_prevents_cycles" time="0.000" /><testcase classname="prolog.tests.unit.test_engine_loop.TestErrorHandling" name="test_occurs_check_in_clause" time="0.000" /><testcase classname="prolog.tests.unit.test_engine_loop.TestErrorHandling" name="test_unify_large_lists_iterative" time="0.025" /><testcase classname="prolog.tests.unit.test_engine_loop.TestSolutionProjection" name="test_record_solution_variable_order" time="0.000" /><testcase classname="prolog.tests.unit.test_engine_loop.TestSolutionProjection" name="test_projection_deep_list_iterative" time="0.010" /><testcase classname="prolog.tests.unit.test_engine_loop.TestDeepPrograms" name="test_deep_chain_no_recursion" time="0.092" /><testcase classname="prolog.tests.unit.test_engine_loop.TestDeepPrograms" name="test_many_clauses" time="0.007" /><testcase classname="prolog.tests.unit.test_engine_loop.TestNondetBuiltins" name="test_flip_builtin_scaffold" time="0.000" /><testcase classname="prolog.tests.unit.test_engine_loop.TestNondetBuiltins" name="test_nondet_with_cut" time="0.000" /><testcase classname="prolog.tests.unit.test_engine_loop.TestTrailWriteStamps" name="test_write_stamp_single_trail_per_window" time="0.001" /><testcase classname="prolog.tests.unit.test_engine_loop.TestIntegration" name="test_list_member" time="0.002" /><testcase classname="prolog.tests.unit.test_engine_loop.TestIntegration" name="test_append" time="0.001" /><testcase classname="prolog.tests.unit.test_engine_loop.TestIntegration" name="test_factorial" time="0.002" /><testcase classname="prolog.tests.unit.test_goals.TestGoal" name="test_goal_creation_with_term" time="0.000" /><testcase classname="prolog.tests.unit.test_goals.TestGoal" name="test_goal_immutability" time="0.000" /><testcase classname="prolog.tests.unit.test_goals.TestGoal" name="test_goal_equality" time="0.000" /><testcase classname="prolog.tests.unit.test_goals.TestGoal" name="test_goal_hashable" time="0.000" /><testcase classname="prolog.tests.unit.test_goals.TestGoalStack" name="test_stack_supports_len" time="0.000" /><testcase classname="prolog.tests.unit.test_goals.TestGoalStack" name="test_push_adds_goal_to_stack" time="0.000" /><testcase classname="prolog.tests.unit.test_goals.TestGoalStack" name="test_pop_returns_top_goal_lifo" time="0.000" /><testcase classname="prolog.tests.unit.test_goals.TestGoalStack" name="test_pop_returns_none_when_empty" time="0.000" /><testcase classname="prolog.tests.unit.test_goals.TestGoalStack" name="test_push_body_adds_goals_in_reverse_order" time="0.000" /><testcase classname="prolog.tests.unit.test_goals.TestGoalStack" name="test_push_body_with_empty_body" time="0.000" /><testcase classname="prolog.tests.unit.test_goals.TestGoalStack" name="test_snapshot_creates_immutable_copy" time="0.000" /><testcase classname="prolog.tests.unit.test_goals.TestGoalStack" name="test_snapshot_unaffected_by_future_operations" time="0.000" /><testcase classname="prolog.tests.unit.test_goals.TestGoalStack" name="test_restore_from_snapshot_yields_identical_pop_order" time="0.000" /><testcase classname="prolog.tests.unit.test_goals.TestGoalStack" name="test_restore_replaces_entire_stack" time="0.000" /><testcase classname="prolog.tests.unit.test_goals.TestGoalStack" name="test_goalstack_with_snapshot_constructor" time="0.000" /><testcase classname="prolog.tests.unit.test_goals.TestGoalStack" name="test_goalstack_constructor_copies_snapshot" time="0.000" /><testcase classname="prolog.tests.unit.test_goals.TestGoalStack" name="test_snapshot_of_empty_stack" time="0.000" /><testcase classname="prolog.tests.unit.test_goals.TestGoalStack" name="test_restore_with_empty_snapshot" time="0.000" /><testcase classname="prolog.tests.unit.test_goals.TestGoalStack" name="test_peek_returns_top_without_removing" time="0.000" /><testcase classname="prolog.tests.unit.test_goals.TestGoalStack" name="test_peek_returns_none_when_empty" time="0.000" /><testcase classname="prolog.tests.unit.test_integration.TestDeepRecursion" name="test_deep_zero_base_case" time="0.000" /><testcase classname="prolog.tests.unit.test_integration.TestDeepRecursion" name="test_deep_recursive_case" time="0.001" /><testcase classname="prolog.tests.unit.test_integration.TestDeepRecursion" name="test_deep_1000_levels" time="0.114" /><testcase classname="prolog.tests.unit.test_integration.TestDeepRecursion" name="test_deep_5000_levels" time="0.715" /><testcase classname="prolog.tests.unit.test_integration.TestDeepRecursion" name="test_assert_no_python_recursion" time="0.022" /><testcase classname="prolog.tests.unit.test_integration.TestDeepRecursion" name="test_deep_failure_unwinds_correctly" time="0.012" /><testcase classname="prolog.tests.unit.test_integration.TestDeepRecursion" name="test_deep_with_variable_generates_solutions" time="0.001" /><testcase classname="prolog.tests.unit.test_integration.TestComplexBacktracking" name="test_multiple_choicepoints" time="0.002" /><testcase classname="prolog.tests.unit.test_integration.TestComplexBacktracking" name="test_solutions_in_correct_order" time="0.001" /><testcase classname="prolog.tests.unit.test_integration.TestComplexBacktracking" name="test_cut_in_first_clause" time="0.001" /><testcase classname="prolog.tests.unit.test_integration.TestComplexBacktracking" name="test_cut_in_middle_clause" time="0.000" /><testcase classname="prolog.tests.unit.test_integration.TestComplexBacktracking" name="test_cut_after_failure" time="0.000" /><testcase classname="prolog.tests.unit.test_integration.TestComplexBacktracking" name="test_nested_cuts" time="0.000" /><testcase classname="prolog.tests.unit.test_integration.TestComplexBacktracking" name="test_complex_backtracking_with_shared_variables" time="0.001" /><testcase classname="prolog.tests.unit.test_integration.TestComplexBacktracking" name="test_backtracking_through_recursive_calls" time="0.001" /><testcase classname="prolog.tests.unit.test_integration.TestCutBoundaries" name="test_cut_with_multiple_depth_choicepoints" time="0.001" /><testcase classname="prolog.tests.unit.test_integration.TestCutBoundaries" name="test_sibling_choicepoints_with_cut" time="0.001" /><testcase classname="prolog.tests.unit.test_integration.TestResourceManagement" name="test_max_solutions_no_resource_leak" time="0.001" /><testcase classname="prolog.tests.unit.test_integration.TestResourceManagement" name="test_deep_recursion_unwind_cleans_state" time="0.011" /><testcase classname="prolog.tests.unit.test_integration.TestResourceManagement" name="test_call_backtracking_purity" time="0.001" /><testcase classname="prolog.tests.unit.test_integration.TestMixedClauseOrdering" name="test_fact_rule_fact_ordering" time="0.001" /><testcase classname="prolog.tests.unit.test_integration.TestMixedClauseOrdering" name="test_interleaved_facts_and_rules" time="0.001" /><testcase classname="prolog.tests.unit.test_integration.TestBuiltinInteraction" name="test_call_with_backtracking" time="0.001" /><testcase classname="prolog.tests.unit.test_integration.TestBuiltinInteraction" name="test_call_with_cut" time="0.000" /><testcase classname="prolog.tests.unit.test_integration.TestBuiltinInteraction" name="test_true_fail_in_conjunction" time="0.001" /><testcase classname="prolog.tests.unit.test_integration.TestBuiltinInteraction" name="test_builtin_precedence_complex" time="0.000" /><testcase classname="prolog.tests.unit.test_integration.TestBuiltinInteraction" name="test_call_undefined_predicate_fails" time="0.000" /><testcase classname="prolog.tests.unit.test_integration.TestBuiltinInteraction" name="test_call_with_non_callable_fails" time="0.001" /><testcase classname="prolog.tests.unit.test_integration.TestBuiltinInteraction" name="test_call_deep_dereference_chain" time="0.001" /><testcase classname="prolog.tests.unit.test_integration.TestBuiltinInteraction" name="test_builtin_fail_precedence" time="0.000" /><testcase classname="prolog.tests.unit.test_integration.TestBuiltinInteraction" name="test_builtin_true_precedence" time="0.000" /><testcase classname="prolog.tests.unit.test_occurs" name="test_occurs_var_not_in_atom" time="0.000" /><testcase classname="prolog.tests.unit.test_occurs" name="test_occurs_var_not_in_int" time="0.000" /><testcase classname="prolog.tests.unit.test_occurs" name="test_occurs_var_not_in_different_var" time="0.000" /><testcase classname="prolog.tests.unit.test_occurs" name="test_occurs_var_in_itself" time="0.000" /><testcase classname="prolog.tests.unit.test_occurs" name="test_occurs_var_in_struct_containing_it" time="0.000" /><testcase classname="prolog.tests.unit.test_occurs" name="test_occurs_var_in_nested_struct" time="0.000" /><testcase classname="prolog.tests.unit.test_occurs" name="test_occurs_var_not_in_struct" time="0.000" /><testcase classname="prolog.tests.unit.test_occurs" name="test_occurs_var_in_multiple_positions" time="0.000" /><testcase classname="prolog.tests.unit.test_occurs" name="test_occurs_var_in_list" time="0.000" /><testcase classname="prolog.tests.unit.test_occurs" name="test_occurs_var_in_list_tail" time="0.000" /><testcase classname="prolog.tests.unit.test_occurs" name="test_occurs_var_not_in_list" time="0.000" /><testcase classname="prolog.tests.unit.test_occurs" name="test_occurs_var_in_nested_list" time="0.000" /><testcase classname="prolog.tests.unit.test_occurs" name="test_occurs_through_alias_chain" time="0.000" /><testcase classname="prolog.tests.unit.test_occurs" name="test_occurs_in_bound_var" time="0.000" /><testcase classname="prolog.tests.unit.test_occurs" name="test_occurs_with_aliased_occurrence" time="0.000" /><testcase classname="prolog.tests.unit.test_occurs" name="test_occurs_prevents_direct_cycle" time="0.000" /><testcase classname="prolog.tests.unit.test_occurs" name="test_occurs_prevents_indirect_cycle" time="0.000" /><testcase classname="prolog.tests.unit.test_occurs" name="test_occurs_with_mutual_recursion" time="0.000" /><testcase classname="prolog.tests.unit.test_occurs" name="test_occurs_has_no_side_effects" time="0.000" /><testcase classname="prolog.tests.unit.test_occurs" name="test_occurs_direct_alias_to_x" time="0.000" /><testcase classname="prolog.tests.unit.test_occurs" name="test_occurs_invalid_varid_raises" time="0.000" /><testcase classname="prolog.tests.unit.test_occurs" name="test_occurs_terminates_on_cyclic_term_not_involving_x" time="0.000" /><testcase classname="prolog.tests.unit.test_occurs" name="test_occurs_terminates_on_cyclic_term_involving_x" time="0.000" /><testcase classname="prolog.tests.unit.test_occurs" name="test_occurs_complex_list_tail_aliasing" time="0.000" /><testcase classname="prolog.tests.unit.test_occurs" name="test_occurs_empty_list" time="0.000" /><testcase classname="prolog.tests.unit.test_occurs" name="test_occurs_empty_struct" time="0.000" /><testcase classname="prolog.tests.unit.test_occurs" name="test_occurs_deeply_nested_negative" time="0.000" /><testcase classname="prolog.tests.unit.test_occurs" name="test_occurs_deeply_nested_positive" time="0.000" /><testcase classname="prolog.tests.unit.test_occurs" name="test_occurs_mixed_list_tail" time="0.000" /><testcase classname="prolog.tests.unit.test_occurs" name="test_occurs_handles_explicit_empty_tail" time="0.000" /><testcase classname="prolog.tests.unit.test_occurs" name="test_occurs_wide_structure" time="0.000" /><testcase classname="prolog.tests.unit.test_occurs" name="test_occurs_deep_nesting_iterative" time="0.001" /><testcase classname="prolog.tests.unit.test_occurs" name="test_occurs_returns_early_on_first_occurrence" time="0.001" /><testcase classname="prolog.tests.unit.test_occurs" name="test_occurs_finds_late_occurrence_too" time="0.002" /><testcase classname="prolog.tests.unit.test_occurs_check" name="test_occurs_check_on_prevents_cycles" time="0.000" /><testcase classname="prolog.tests.unit.test_occurs_check" name="test_occurs_check_off_allows_cycles" time="0.000" /><testcase classname="prolog.tests.unit.test_occurs_check" name="test_occurs_check_deep_structure" time="0.000" /><testcase classname="prolog.tests.unit.test_occurs_check" name="test_occurs_check_indirect" time="0.001" /><testcase classname="prolog.tests.unit.test_occurs_check" name="test_occurs_check_list" time="0.000" /><testcase classname="prolog.tests.unit.test_occurs_check" name="test_occurs_check_list_tail" time="0.000" /><testcase classname="prolog.tests.unit.test_occurs_check" name="test_occurs_check_no_cycle" time="0.001" /><testcase classname="prolog.tests.unit.test_properties.TestSolutionCompleteness" name="test_all_valid_solutions_found" time="0.001" /><testcase classname="prolog.tests.unit.test_properties.TestSolutionCompleteness" name="test_no_duplicate_solutions" time="0.001" /><testcase classname="prolog.tests.unit.test_properties.TestSolutionCompleteness" name="test_correct_depth_first_order" time="0.001" /><testcase classname="prolog.tests.unit.test_properties.TestSolutionCompleteness" name="test_solutions_follow_clause_order" time="0.001" /><testcase classname="prolog.tests.unit.test_properties.TestSolutionCompleteness" name="test_deterministic_variable_assignment" time="0.001" /><testcase classname="prolog.tests.unit.test_properties.TestSolutionCompleteness" name="test_property_with_multiple_seeds[42]" time="0.001" /><testcase classname="prolog.tests.unit.test_properties.TestSolutionCompleteness" name="test_property_with_multiple_seeds[123]" time="0.001" /><testcase classname="prolog.tests.unit.test_properties.TestSolutionCompleteness" name="test_property_with_multiple_seeds[999]" time="0.002" /><testcase classname="prolog.tests.unit.test_properties.TestSolutionCompleteness" name="test_run_twice_determinism" time="0.001" /><testcase classname="prolog.tests.unit.test_properties.TestStateIsolation" name="test_failed_goals_dont_leak_state" time="0.001" /><testcase classname="prolog.tests.unit.test_properties.TestStateIsolation" name="test_backtracking_fully_restores_state" time="0.001" /><testcase classname="prolog.tests.unit.test_properties.TestStateIsolation" name="test_renamed_variables_dont_appear_in_solutions" time="0.001" /><testcase classname="prolog.tests.unit.test_properties.TestStateIsolation" name="test_store_trail_goalstack_restored_after_backtrack" time="0.001" /><testcase classname="prolog.tests.unit.test_properties.TestStateIsolation" name="test_cut_doesnt_leak_state" time="0.000" /><testcase classname="prolog.tests.unit.test_properties.TestStateIsolation" name="test_nested_backtracking_isolation" time="0.001" /><testcase classname="prolog.tests.unit.test_properties.TestStateIsolation" name="test_backtracking_store_cleanliness" time="0.006" /><testcase classname="prolog.tests.unit.test_rename.TestVarRenamer" name="test_rename_term_creates_fresh_var_for_var" time="0.000" /><testcase classname="prolog.tests.unit.test_rename.TestVarRenamer" name="test_rename_term_preserves_atoms_unchanged" time="0.000" /><testcase classname="prolog.tests.unit.test_rename.TestVarRenamer" name="test_rename_term_handles_nested_structures" time="0.000" /><testcase classname="prolog.tests.unit.test_rename.TestVarRenamer" name="test_rename_term_handles_lists_with_tails" time="0.000" /><testcase classname="prolog.tests.unit.test_rename.TestVarRenamer" name="test_rename_term_handles_empty_list_tail" time="0.000" /><testcase classname="prolog.tests.unit.test_rename.TestVarRenamer" name="test_rename_clause_renames_both_head_and_body" time="0.000" /><testcase classname="prolog.tests.unit.test_rename.TestVarRenamer" name="test_consistent_mapping_within_single_clause" time="0.000" /><testcase classname="prolog.tests.unit.test_rename.TestVarRenamer" name="test_fresh_renamer_for_each_clause_use" time="0.000" /><testcase classname="prolog.tests.unit.test_rename.TestVarRenamer" name="test_deterministic_var_ids" time="0.000" /><testcase classname="prolog.tests.unit.test_rename.TestVarRenamer" name="test_rename_complex_nested_list_structure" time="0.000" /><testcase classname="prolog.tests.unit.test_rename.TestVarRenamer" name="test_rename_preserves_immutability" time="0.000" /><testcase classname="prolog.tests.unit.test_rename.TestVarRenamer" name="test_rename_handles_deeply_nested_structures" time="0.000" /><testcase classname="prolog.tests.unit.test_runtime.TestGoal" name="test_predicate_goal" time="0.000" /><testcase classname="prolog.tests.unit.test_runtime.TestGoal" name="test_conjunction_goal" time="0.000" /><testcase classname="prolog.tests.unit.test_runtime.TestGoal" name="test_disjunction_goal" time="0.000" /><testcase classname="prolog.tests.unit.test_runtime.TestGoal" name="test_if_then_else_goal" time="0.000" /><testcase classname="prolog.tests.unit.test_runtime.TestGoal" name="test_cut_goal" time="0.000" /><testcase classname="prolog.tests.unit.test_runtime.TestGoal" name="test_atom_as_predicate" time="0.000" /><testcase classname="prolog.tests.unit.test_runtime.TestGoal" name="test_nested_control_structures" time="0.000" /><testcase classname="prolog.tests.unit.test_runtime.TestFrame" name="test_frame_creation" time="0.000" /><testcase classname="prolog.tests.unit.test_runtime.TestFrame" name="test_frame_with_env" time="0.000" /><testcase classname="prolog.tests.unit.test_runtime.TestFrame" name="test_frame_repr" time="0.000" /><testcase classname="prolog.tests.unit.test_runtime.TestChoicepoint" name="test_predicate_choicepoint" time="0.000" /><testcase classname="prolog.tests.unit.test_runtime.TestChoicepoint" name="test_disjunction_choicepoint" time="0.000" /><testcase classname="prolog.tests.unit.test_runtime.TestChoicepoint" name="test_choicepoint_with_cut_parent" time="0.000" /><testcase classname="prolog.tests.unit.test_runtime.TestGoalStack" name="test_push_pop" time="0.000" /><testcase classname="prolog.tests.unit.test_runtime.TestGoalStack" name="test_push_many" time="0.000" /><testcase classname="prolog.tests.unit.test_runtime.TestGoalStack" name="test_shrink_to" time="0.000" /><testcase classname="prolog.tests.unit.test_runtime.TestGoalStack" name="test_pop_from_empty" time="0.000" /><testcase classname="prolog.tests.unit.test_runtime.TestTrail" name="test_trail_push_and_position" time="0.000" /><testcase classname="prolog.tests.unit.test_runtime.TestTrail" name="test_write_stamps" time="0.000" /><testcase classname="prolog.tests.unit.test_runtime.TestTrail" name="test_stamp_guarded_trailing" time="0.000" /><testcase classname="prolog.tests.unit.test_runtime.TestTrail" name="test_unwind_bind" time="0.000" /><testcase classname="prolog.tests.unit.test_runtime.TestTrail" name="test_unwind_parent" time="0.000" /><testcase classname="prolog.tests.unit.test_runtime.TestTrail" name="test_unwind_attr" time="0.000" /><testcase classname="prolog.tests.unit.test_runtime.TestTrail" name="test_unwind_multiple" time="0.000" /><testcase classname="prolog.tests.unit.test_runtime.TestTrail" name="test_partial_unwind" time="0.000" /><testcase classname="prolog.tests.unit.test_store" name="test_cell_unbound_creation" time="0.000" /><testcase classname="prolog.tests.unit.test_store" name="test_cell_bound_creation" time="0.000" /><testcase classname="prolog.tests.unit.test_store" name="test_cell_rank_default" time="0.000" /><testcase classname="prolog.tests.unit.test_store" name="test_store_new_var_returns_sequential_ids" time="0.000" /><testcase classname="prolog.tests.unit.test_store" name="test_store_new_var_creates_unbound_cell" time="0.000" /><testcase classname="prolog.tests.unit.test_store" name="test_store_new_var_sets_rank_to_zero" time="0.000" /><testcase classname="prolog.tests.unit.test_store" name="test_store_new_var_hint_is_optional" time="0.000" /><testcase classname="prolog.tests.unit.test_store" name="test_deref_unbound_root" time="0.000" /><testcase classname="prolog.tests.unit.test_store" name="test_deref_bound_var" time="0.000" /><testcase classname="prolog.tests.unit.test_store" name="test_deref_follows_single_parent_link" time="0.000" /><testcase classname="prolog.tests.unit.test_store" name="test_deref_follows_chain_of_links" time="0.000" /><testcase classname="prolog.tests.unit.test_store" name="test_deref_without_compress_has_no_side_effects" time="0.000" /><testcase classname="prolog.tests.unit.test_store" name="test_deref_compression_requires_compress_and_trail" time="0.000" /><testcase classname="prolog.tests.unit.test_store" name="test_deref_no_compression_below_threshold" time="0.000" /><testcase classname="prolog.tests.unit.test_store" name="test_deref_compression_above_threshold" time="0.000" /><testcase classname="prolog.tests.unit.test_store" name="test_deref_compression_adds_trail_entries" time="0.000" /><testcase classname="prolog.tests.unit.test_store" name="test_deref_compression_undoability" time="0.000" /><testcase classname="prolog.tests.unit.test_store" name="test_deref_no_op_compression" time="0.000" /><testcase classname="prolog.tests.unit.test_store" name="test_deref_compression_to_bound_root" time="0.000" /><testcase classname="prolog.tests.unit.test_store" name="test_deref_invalid_varid" time="0.000" /><testcase classname="prolog.tests.unit.test_store" name="test_deref_compress_from_middle_only_updates_that_path" time="0.000" /><testcase classname="prolog.tests.unit.test_store" name="test_deref_bound_root_idempotent" time="0.000" /><testcase classname="prolog.tests.unit.test_store" name="test_deref_midchain_to_bound_root_idempotent" time="0.000" /><testcase classname="prolog.tests.unit.test_store" name="test_deref_compression_preserves_rank" time="0.000" /><testcase classname="prolog.tests.unit.test_stress.TestLargeClauseDatabases" name="test_1000_clauses_single_predicate" time="0.006" /><testcase classname="prolog.tests.unit.test_stress.TestLargeClauseDatabases" name="test_10000_total_clauses" time="0.009" /><testcase classname="prolog.tests.unit.test_stress.TestLargeClauseDatabases" name="test_deep_clause_hierarchies" time="0.001" /><testcase classname="prolog.tests.unit.test_stress.TestLargeClauseDatabases" name="test_wide_clause_database" time="0.002" /><testcase classname="prolog.tests.unit.test_stress.TestLargeClauseDatabases" name="test_clause_indexing_performance" time="0.004"><failure message="assert 0 == 1&#10; +  where 0 = len([])">self = &lt;prolog.tests.unit.test_stress.TestLargeClauseDatabases object at 0x1073c4510&gt;

    def test_clause_indexing_performance(self):
        """Test that clause indexing provides good performance."""
        num_clauses = int(1000 * STRESS_SCALE)
    
        clauses = []
        # Create many clauses with different first arguments
        for i in range(num_clauses):
            clauses.append(mk_fact("indexed", Atom(f"key_{i}"), Atom(f"val_{i}")))
    
        prog = program(*clauses)
        engine = Engine(prog)
    
        # Query with specific first argument (should be fast with indexing)
        with time_limit(0.1):  # Should be very fast
            solutions = engine.run([Struct("indexed", (Atom("key_500"), Var(0, "Y")))])
    
&gt;       assert len(solutions) == 1
E       assert 0 == 1
E        +  where 0 = len([])

prolog/tests/unit/test_stress.py:127: AssertionError</failure></testcase><testcase classname="prolog.tests.unit.test_stress.TestDeepGoalStacks" name="test_1000_pending_goals" time="0.004" /><testcase classname="prolog.tests.unit.test_stress.TestDeepGoalStacks" name="test_deeply_nested_conjunctions" time="0.003" /><testcase classname="prolog.tests.unit.test_stress.TestDeepGoalStacks" name="test_many_choicepoints" time="0.014" /><testcase classname="prolog.tests.unit.test_stress.TestDeepGoalStacks" name="test_memory_stability_under_stress" time="0.044" /><testcase classname="prolog.tests.unit.test_stress.TestDeepGoalStacks" name="test_infinite_recursion_handling" time="0.030" /><testcase classname="prolog.tests.unit.test_stress.TestDeepGoalStacks" name="test_complex_stress_scenario" time="0.002" /><testcase classname="prolog.tests.unit.test_terms" name="test_atom_creation" time="0.000" /><testcase classname="prolog.tests.unit.test_terms" name="test_atom_immutability" time="0.000" /><testcase classname="prolog.tests.unit.test_terms" name="test_atom_equality" time="0.000" /><testcase classname="prolog.tests.unit.test_terms" name="test_atom_hashable" time="0.000" /><testcase classname="prolog.tests.unit.test_terms" name="test_int_creation" time="0.000" /><testcase classname="prolog.tests.unit.test_terms" name="test_int_immutability" time="0.000" /><testcase classname="prolog.tests.unit.test_terms" name="test_int_equality" time="0.000" /><testcase classname="prolog.tests.unit.test_terms" name="test_int_hashable" time="0.000" /><testcase classname="prolog.tests.unit.test_terms" name="test_var_creation" time="0.000" /><testcase classname="prolog.tests.unit.test_terms" name="test_var_creation_with_hint" time="0.000" /><testcase classname="prolog.tests.unit.test_terms" name="test_var_mutable" time="0.000" /><testcase classname="prolog.tests.unit.test_terms" name="test_var_equality" time="0.000" /><testcase classname="prolog.tests.unit.test_terms" name="test_struct_creation" time="0.000" /><testcase classname="prolog.tests.unit.test_terms" name="test_struct_immutability" time="0.000" /><testcase classname="prolog.tests.unit.test_terms" name="test_struct_empty_args" time="0.000" /><testcase classname="prolog.tests.unit.test_terms" name="test_struct_nested" time="0.000" /><testcase classname="prolog.tests.unit.test_terms" name="test_struct_equality" time="0.000" /><testcase classname="prolog.tests.unit.test_terms" name="test_struct_hashable" time="0.000" /><testcase classname="prolog.tests.unit.test_terms" name="test_list_creation_empty" time="0.000" /><testcase classname="prolog.tests.unit.test_terms" name="test_list_creation_with_items" time="0.000" /><testcase classname="prolog.tests.unit.test_terms" name="test_list_creation_with_custom_tail" time="0.000" /><testcase classname="prolog.tests.unit.test_terms" name="test_list_immutability" time="0.000" /><testcase classname="prolog.tests.unit.test_terms" name="test_list_nested" time="0.000" /><testcase classname="prolog.tests.unit.test_terms" name="test_list_equality" time="0.000" /><testcase classname="prolog.tests.unit.test_terms" name="test_list_hashable" time="0.000" /><testcase classname="prolog.tests.unit.test_trail" name="test_trail_push_adds_entry" time="0.000" /><testcase classname="prolog.tests.unit.test_trail" name="test_trail_append_alias" time="0.000" /><testcase classname="prolog.tests.unit.test_trail" name="test_trail_mark_returns_position" time="0.000" /><testcase classname="prolog.tests.unit.test_trail" name="test_trail_clear_empties" time="0.000" /><testcase classname="prolog.tests.unit.test_trail" name="test_trail_indexing" time="0.000" /><testcase classname="prolog.tests.unit.test_trail" name="test_undo_to_parent_entry" time="0.000" /><testcase classname="prolog.tests.unit.test_trail" name="test_undo_to_bind_entry" time="0.000" /><testcase classname="prolog.tests.unit.test_trail" name="test_undo_to_rank_entry" time="0.000" /><testcase classname="prolog.tests.unit.test_trail" name="test_undo_to_multiple_entries" time="0.000" /><testcase classname="prolog.tests.unit.test_trail" name="test_undo_to_partial" time="0.000" /><testcase classname="prolog.tests.unit.test_trail" name="test_undo_to_with_trail_object" time="0.000" /><testcase classname="prolog.tests.unit.test_trail" name="test_undo_to_unknown_tag_raises" time="0.000" /><testcase classname="prolog.tests.unit.test_trail" name="test_trail_guard_yields_mark" time="0.000" /><testcase classname="prolog.tests.unit.test_trail" name="test_trail_guard_undoes_on_exception" time="0.000" /><testcase classname="prolog.tests.unit.test_trail" name="test_trail_guard_no_undo_on_success" time="0.000" /><testcase classname="prolog.tests.unit.test_trail" name="test_trail_guard_with_trail_object" time="0.000" /><testcase classname="prolog.tests.unit.test_trail" name="test_trail_guard_reraises_exception" time="0.000" /><testcase classname="prolog.tests.unit.test_trail" name="test_undo_to_idempotent" time="0.000" /><testcase classname="prolog.tests.unit.test_trail" name="test_trail_guard_nested_marks" time="0.000" /><testcase classname="prolog.tests.unit.test_trail" name="test_bind_trails_full_cell_snapshot_not_reference" time="0.000" /><testcase classname="prolog.tests.unit.test_trail" name="test_undo_to_invalid_mark_behavior" time="0.000" /><testcase classname="prolog.tests.unit.test_trail" name="test_undo_mixed_entries_lifo" time="0.000" /><testcase classname="prolog.tests.unit.test_unify" name="test_unify_equal_atoms_succeeds" time="0.000" /><testcase classname="prolog.tests.unit.test_unify" name="test_unify_different_atoms_fails" time="0.000" /><testcase classname="prolog.tests.unit.test_unify" name="test_unify_equal_ints_succeeds" time="0.000" /><testcase classname="prolog.tests.unit.test_unify" name="test_unify_different_ints_fails" time="0.000" /><testcase classname="prolog.tests.unit.test_unify" name="test_unify_atom_with_int_fails" time="0.000" /><testcase classname="prolog.tests.unit.test_unify" name="test_unify_var_with_atom_binds_var" time="0.000" /><testcase classname="prolog.tests.unit.test_unify" name="test_unify_var_with_struct_binds_var" time="0.000" /><testcase classname="prolog.tests.unit.test_unify" name="test_unify_two_vars_creates_union" time="0.000" /><testcase classname="prolog.tests.unit.test_unify" name="test_unify_var_with_itself_succeeds" time="0.000" /><testcase classname="prolog.tests.unit.test_unify" name="test_unify_atom_with_var_binds_var" time="0.000" /><testcase classname="prolog.tests.unit.test_unify" name="test_unify_bound_var_with_matching_term_succeeds" time="0.000" /><testcase classname="prolog.tests.unit.test_unify" name="test_unify_bound_var_with_different_term_fails" time="0.000" /><testcase classname="prolog.tests.unit.test_unify" name="test_unify_structs_different_functors_fail" time="0.000" /><testcase classname="prolog.tests.unit.test_unify" name="test_unify_structs_different_arities_fail" time="0.000" /><testcase classname="prolog.tests.unit.test_unify" name="test_unify_structs_same_shape_unify_args" time="0.000" /><testcase classname="prolog.tests.unit.test_unify" name="test_unify_nested_structs" time="0.000" /><testcase classname="prolog.tests.unit.test_unify" name="test_unify_struct_argument_failure_undoes_partial" time="0.000" /><testcase classname="prolog.tests.unit.test_unify" name="test_unify_empty_lists_succeed" time="0.000" /><testcase classname="prolog.tests.unit.test_unify" name="test_unify_lists_same_length" time="0.000" /><testcase classname="prolog.tests.unit.test_unify" name="test_unify_lists_different_length_fail" time="0.000" /><testcase classname="prolog.tests.unit.test_unify" name="test_unify_lists_with_tail" time="0.000" /><testcase classname="prolog.tests.unit.test_unify" name="test_unify_lists_both_with_tails" time="0.000" /><testcase classname="prolog.tests.unit.test_unify" name="test_unify_nested_lists" time="0.000" /><testcase classname="prolog.tests.unit.test_unify" name="test_unify_struct_with_list_fails" time="0.000" /><testcase classname="prolog.tests.unit.test_unify" name="test_unify_complex_nested_structure" time="0.000" /><testcase classname="prolog.tests.unit.test_unify" name="test_unify_failure_undoes_all_bindings" time="0.000" /><testcase classname="prolog.tests.unit.test_unify" name="test_unify_is_idempotent" time="0.000" /><testcase classname="prolog.tests.unit.test_unify" name="test_unify_shared_var_conflict_undoes_partial" time="0.000" /><testcase classname="prolog.tests.unit.test_unify" name="test_unify_var_chain_then_bind_propagates" time="0.218" /><testcase classname="prolog.tests.unit.test_unify" name="test_unify_list_tail_mismatch_undoes_partial" time="0.000" /><testcase classname="prolog.tests.unit.test_unify" name="test_unify_commutative_under_rollback" time="0.000" /><testcase classname="prolog.tests.unit.test_unify" name="test_unify_cycle_respects_occurs_flag" time="0.000" /><testcase classname="prolog.tests.unit.test_unify_helpers" name="test_union_vars_with_equal_roots_returns_true" time="0.000" /><testcase classname="prolog.tests.unit.test_unify_helpers" name="test_union_vars_by_rank_smaller_joins_larger" time="0.041" /><testcase classname="prolog.tests.unit.test_unify_helpers" name="test_union_vars_equal_ranks_increment_winner" time="0.003" /><testcase classname="prolog.tests.unit.test_unify_helpers" name="test_union_vars_trail_entries" time="0.000" /><testcase classname="prolog.tests.unit.test_unify_helpers" name="test_union_vars_with_non_roots_follows_chains" time="0.000" /><testcase classname="prolog.tests.unit.test_unify_helpers" name="test_union_vars_idempotent_no_trail_growth" time="0.000" /><testcase classname="prolog.tests.unit.test_unify_helpers" name="test_union_vars_raises_if_either_is_bound" time="0.001" /><testcase classname="prolog.tests.unit.test_unify_helpers" name="test_union_vars_equal_ranks_trail_precise" time="0.000" /><testcase classname="prolog.tests.unit.test_unify_helpers" name="test_bind_root_to_atom" time="0.000" /><testcase classname="prolog.tests.unit.test_unify_helpers" name="test_bind_root_to_struct" time="0.000" /><testcase classname="prolog.tests.unit.test_unify_helpers" name="test_bind_root_trail_entry" time="0.000" /><testcase classname="prolog.tests.unit.test_unify_helpers" name="test_bind_already_bound_root_raises" time="0.000" /><testcase classname="prolog.tests.unit.test_unify_helpers" name="test_bind_root_undoable" time="0.000" /><testcase classname="prolog.tests.unit.test_unify_helpers" name="test_bind_root_rejects_var_term" time="0.000" /><testcase classname="prolog.tests.unit.test_unify_helpers" name="test_bind_trail_is_snapshot_not_reference" time="0.000" /><testcase classname="prolog.tests.unit.test_unify_helpers" name="test_deref_term_nonvar_returns_nonvar" time="0.000" /><testcase classname="prolog.tests.unit.test_unify_helpers" name="test_deref_term_unbound_var_returns_var" time="0.000" /><testcase classname="prolog.tests.unit.test_unify_helpers" name="test_deref_term_bound_var_returns_nonvar" time="0.000" /><testcase classname="prolog.tests.unit.test_unify_helpers" name="test_deref_term_follows_chains" time="0.000" /><testcase classname="prolog.tests.unit.test_unify_helpers" name="test_deref_term_no_side_effects" time="0.000" /><testcase classname="prolog.tests.unit.test_unify_helpers" name="test_deref_term_with_hint" time="0.000" /><testcase classname="prolog.tests.unit.test_unify_helpers" name="test_deref_term_invalid_var_id_raises" time="0.000" /><testcase classname="prolog.tests.unit.test_unify_helpers" name="test_deref_term_var_alias_chain" time="0.000" /><testcase classname="prolog.tests.unit.test_unify_properties" name="test_unify_symmetry_property[0]" time="0.000" /><testcase classname="prolog.tests.unit.test_unify_properties" name="test_unify_symmetry_property[1]" time="0.000" /><testcase classname="prolog.tests.unit.test_unify_properties" name="test_unify_symmetry_property[2]" time="0.000" /><testcase classname="prolog.tests.unit.test_unify_properties" name="test_unify_symmetry_property[3]" time="0.000" /><testcase classname="prolog.tests.unit.test_unify_properties" name="test_unify_symmetry_property[4]" time="0.000" /><testcase classname="prolog.tests.unit.test_unify_properties" name="test_unify_symmetry_property[5]" time="0.001" /><testcase classname="prolog.tests.unit.test_unify_properties" name="test_unify_symmetry_property[6]" time="0.000" /><testcase classname="prolog.tests.unit.test_unify_properties" name="test_unify_symmetry_property[7]" time="0.000" /><testcase classname="prolog.tests.unit.test_unify_properties" name="test_unify_symmetry_property[8]" time="0.000" /><testcase classname="prolog.tests.unit.test_unify_properties" name="test_unify_symmetry_property[9]" time="0.000" /><testcase classname="prolog.tests.unit.test_unify_properties" name="test_unify_symmetry_property[10]" time="0.000" /><testcase classname="prolog.tests.unit.test_unify_properties" name="test_unify_symmetry_property[11]" time="0.001" /><testcase classname="prolog.tests.unit.test_unify_properties" name="test_unify_symmetry_property[12]" time="0.000" /><testcase classname="prolog.tests.unit.test_unify_properties" name="test_unify_symmetry_property[13]" time="0.000" /><testcase classname="prolog.tests.unit.test_unify_properties" name="test_unify_symmetry_property[14]" time="0.001" /><testcase classname="prolog.tests.unit.test_unify_properties" name="test_unify_symmetry_property[15]" time="0.000" /><testcase classname="prolog.tests.unit.test_unify_properties" name="test_unify_symmetry_property[16]" time="0.000" /><testcase classname="prolog.tests.unit.test_unify_properties" name="test_unify_symmetry_property[17]" time="0.000" /><testcase classname="prolog.tests.unit.test_unify_properties" name="test_unify_symmetry_property[18]" time="0.000" /><testcase classname="prolog.tests.unit.test_unify_properties" name="test_unify_symmetry_property[19]" time="0.000" /><testcase classname="prolog.tests.unit.test_unify_properties" name="test_unify_symmetry_property[20]" time="0.000" /><testcase classname="prolog.tests.unit.test_unify_properties" name="test_unify_symmetry_property[21]" time="0.000" /><testcase classname="prolog.tests.unit.test_unify_properties" name="test_unify_symmetry_property[22]" time="0.000" /><testcase classname="prolog.tests.unit.test_unify_properties" name="test_unify_symmetry_property[23]" time="0.000" /><testcase classname="prolog.tests.unit.test_unify_properties" name="test_unify_symmetry_property[24]" time="0.000" /><testcase classname="prolog.tests.unit.test_unify_properties" name="test_unify_symmetry_property[25]" time="0.000" /><testcase classname="prolog.tests.unit.test_unify_properties" name="test_unify_symmetry_property[26]" time="0.000" /><testcase classname="prolog.tests.unit.test_unify_properties" name="test_unify_symmetry_property[27]" time="0.000" /><testcase classname="prolog.tests.unit.test_unify_properties" name="test_unify_symmetry_property[28]" time="0.000" /><testcase classname="prolog.tests.unit.test_unify_properties" name="test_unify_symmetry_property[29]" time="0.000" /><testcase classname="prolog.tests.unit.test_unify_properties" name="test_unify_symmetry_property[30]" time="0.000" /><testcase classname="prolog.tests.unit.test_unify_properties" name="test_unify_symmetry_property[31]" time="0.003" /><testcase classname="prolog.tests.unit.test_unify_properties" name="test_unify_symmetry_property[32]" time="0.000" /><testcase classname="prolog.tests.unit.test_unify_properties" name="test_unify_symmetry_property[33]" time="0.001" /><testcase classname="prolog.tests.unit.test_unify_properties" name="test_unify_symmetry_property[34]" time="0.000" /><testcase classname="prolog.tests.unit.test_unify_properties" name="test_unify_symmetry_property[35]" time="0.000" /><testcase classname="prolog.tests.unit.test_unify_properties" name="test_unify_symmetry_property[36]" time="0.000" /><testcase classname="prolog.tests.unit.test_unify_properties" name="test_unify_symmetry_property[37]" time="0.000" /><testcase classname="prolog.tests.unit.test_unify_properties" name="test_unify_symmetry_property[38]" time="0.000" /><testcase classname="prolog.tests.unit.test_unify_properties" name="test_unify_symmetry_property[39]" time="0.000" /><testcase classname="prolog.tests.unit.test_unify_properties" name="test_unify_symmetry_property[40]" time="0.000" /><testcase classname="prolog.tests.unit.test_unify_properties" name="test_unify_symmetry_property[41]" time="0.001" /><testcase classname="prolog.tests.unit.test_unify_properties" name="test_unify_symmetry_property[42]" time="0.000" /><testcase classname="prolog.tests.unit.test_unify_properties" name="test_unify_symmetry_property[43]" time="0.000" /><testcase classname="prolog.tests.unit.test_unify_properties" name="test_unify_symmetry_property[44]" time="0.000" /><testcase classname="prolog.tests.unit.test_unify_properties" name="test_unify_symmetry_property[45]" time="0.000" /><testcase classname="prolog.tests.unit.test_unify_properties" name="test_unify_symmetry_property[46]" time="0.001" /><testcase classname="prolog.tests.unit.test_unify_properties" name="test_unify_symmetry_property[47]" time="0.000" /><testcase classname="prolog.tests.unit.test_unify_properties" name="test_unify_symmetry_property[48]" time="0.000" /><testcase classname="prolog.tests.unit.test_unify_properties" name="test_unify_symmetry_property[49]" time="0.000" /><testcase classname="prolog.tests.unit.test_unify_properties" name="test_unify_symmetry_property[50]" time="0.000" /><testcase classname="prolog.tests.unit.test_unify_properties" name="test_unify_symmetry_property[51]" time="0.000" /><testcase classname="prolog.tests.unit.test_unify_properties" name="test_unify_symmetry_property[52]" time="0.000" /><testcase classname="prolog.tests.unit.test_unify_properties" name="test_unify_symmetry_property[53]" time="0.000" /><testcase classname="prolog.tests.unit.test_unify_properties" name="test_unify_symmetry_property[54]" time="0.000" /><testcase classname="prolog.tests.unit.test_unify_properties" name="test_unify_symmetry_property[55]" time="0.000" /><testcase classname="prolog.tests.unit.test_unify_properties" name="test_unify_symmetry_property[56]" time="0.000" /><testcase classname="prolog.tests.unit.test_unify_properties" name="test_unify_symmetry_property[57]" time="0.000" /><testcase classname="prolog.tests.unit.test_unify_properties" name="test_unify_symmetry_property[58]" time="0.000" /><testcase classname="prolog.tests.unit.test_unify_properties" name="test_unify_symmetry_property[59]" time="0.000" /><testcase classname="prolog.tests.unit.test_unify_properties" name="test_unify_symmetry_property[60]" time="0.000" /><testcase classname="prolog.tests.unit.test_unify_properties" name="test_unify_symmetry_property[61]" time="0.000" /><testcase classname="prolog.tests.unit.test_unify_properties" name="test_unify_symmetry_property[62]" time="0.000" /><testcase classname="prolog.tests.unit.test_unify_properties" name="test_unify_symmetry_property[63]" time="0.001" /><testcase classname="prolog.tests.unit.test_unify_properties" name="test_unify_symmetry_property[64]" time="0.000" /><testcase classname="prolog.tests.unit.test_unify_properties" name="test_unify_symmetry_property[65]" time="0.000" /><testcase classname="prolog.tests.unit.test_unify_properties" name="test_unify_symmetry_property[66]" time="0.000" /><testcase classname="prolog.tests.unit.test_unify_properties" name="test_unify_symmetry_property[67]" time="0.000" /><testcase classname="prolog.tests.unit.test_unify_properties" name="test_unify_symmetry_property[68]" time="0.000" /><testcase classname="prolog.tests.unit.test_unify_properties" name="test_unify_symmetry_property[69]" time="0.000" /><testcase classname="prolog.tests.unit.test_unify_properties" name="test_unify_symmetry_property[70]" time="0.000" /><testcase classname="prolog.tests.unit.test_unify_properties" name="test_unify_symmetry_property[71]" time="0.000" /><testcase classname="prolog.tests.unit.test_unify_properties" name="test_unify_symmetry_property[72]" time="0.000" /><testcase classname="prolog.tests.unit.test_unify_properties" name="test_unify_symmetry_property[73]" time="0.000" /><testcase classname="prolog.tests.unit.test_unify_properties" name="test_unify_symmetry_property[74]" time="0.000" /><testcase classname="prolog.tests.unit.test_unify_properties" name="test_unify_symmetry_property[75]" time="0.000" /><testcase classname="prolog.tests.unit.test_unify_properties" name="test_unify_symmetry_property[76]" time="0.000" /><testcase classname="prolog.tests.unit.test_unify_properties" name="test_unify_symmetry_property[77]" time="0.000" /><testcase classname="prolog.tests.unit.test_unify_properties" name="test_unify_symmetry_property[78]" time="0.001" /><testcase classname="prolog.tests.unit.test_unify_properties" name="test_unify_symmetry_property[79]" time="0.000" /><testcase classname="prolog.tests.unit.test_unify_properties" name="test_unify_symmetry_property[80]" time="0.000" /><testcase classname="prolog.tests.unit.test_unify_properties" name="test_unify_symmetry_property[81]" time="0.000" /><testcase classname="prolog.tests.unit.test_unify_properties" name="test_unify_symmetry_property[82]" time="0.000" /><testcase classname="prolog.tests.unit.test_unify_properties" name="test_unify_symmetry_property[83]" time="0.000" /><testcase classname="prolog.tests.unit.test_unify_properties" name="test_unify_symmetry_property[84]" time="0.000" /><testcase classname="prolog.tests.unit.test_unify_properties" name="test_unify_symmetry_property[85]" time="0.001" /><testcase classname="prolog.tests.unit.test_unify_properties" name="test_unify_symmetry_property[86]" time="0.000" /><testcase classname="prolog.tests.unit.test_unify_properties" name="test_unify_symmetry_property[87]" time="0.000" /><testcase classname="prolog.tests.unit.test_unify_properties" name="test_unify_symmetry_property[88]" time="0.000" /><testcase classname="prolog.tests.unit.test_unify_properties" name="test_unify_symmetry_property[89]" time="0.000" /><testcase classname="prolog.tests.unit.test_unify_properties" name="test_unify_symmetry_property[90]" time="0.000" /><testcase classname="prolog.tests.unit.test_unify_properties" name="test_unify_symmetry_property[91]" time="0.000" /><testcase classname="prolog.tests.unit.test_unify_properties" name="test_unify_symmetry_property[92]" time="0.000" /><testcase classname="prolog.tests.unit.test_unify_properties" name="test_unify_symmetry_property[93]" time="0.000" /><testcase classname="prolog.tests.unit.test_unify_properties" name="test_unify_symmetry_property[94]" time="0.000" /><testcase classname="prolog.tests.unit.test_unify_properties" name="test_unify_symmetry_property[95]" time="0.000" /><testcase classname="prolog.tests.unit.test_unify_properties" name="test_unify_symmetry_property[96]" time="0.000" /><testcase classname="prolog.tests.unit.test_unify_properties" name="test_unify_symmetry_property[97]" time="0.000" /><testcase classname="prolog.tests.unit.test_unify_properties" name="test_unify_symmetry_property[98]" time="0.000" /><testcase classname="prolog.tests.unit.test_unify_properties" name="test_unify_symmetry_property[99]" time="0.000" /><testcase classname="prolog.tests.unit.test_unify_properties" name="test_unify_symmetry_property[100]" time="0.000" /><testcase classname="prolog.tests.unit.test_unify_properties" name="test_unify_symmetry_property[101]" time="0.001" /><testcase classname="prolog.tests.unit.test_unify_properties" name="test_unify_symmetry_property[102]" time="0.000" /><testcase classname="prolog.tests.unit.test_unify_properties" name="test_unify_symmetry_property[103]" time="0.000" /><testcase classname="prolog.tests.unit.test_unify_properties" name="test_unify_symmetry_property[104]" time="0.000" /><testcase classname="prolog.tests.unit.test_unify_properties" name="test_unify_symmetry_property[105]" time="0.000" /><testcase classname="prolog.tests.unit.test_unify_properties" name="test_unify_symmetry_property[106]" time="0.000" /><testcase classname="prolog.tests.unit.test_unify_properties" name="test_unify_symmetry_property[107]" time="0.000" /><testcase classname="prolog.tests.unit.test_unify_properties" name="test_unify_symmetry_property[108]" time="0.000" /><testcase classname="prolog.tests.unit.test_unify_properties" name="test_unify_symmetry_property[109]" time="0.000" /><testcase classname="prolog.tests.unit.test_unify_properties" name="test_unify_symmetry_property[110]" time="0.000" /><testcase classname="prolog.tests.unit.test_unify_properties" name="test_unify_symmetry_property[111]" time="0.001" /><testcase classname="prolog.tests.unit.test_unify_properties" name="test_unify_symmetry_property[112]" time="0.000" /><testcase classname="prolog.tests.unit.test_unify_properties" name="test_unify_symmetry_property[113]" time="0.000" /><testcase classname="prolog.tests.unit.test_unify_properties" name="test_unify_symmetry_property[114]" time="0.000" /><testcase classname="prolog.tests.unit.test_unify_properties" name="test_unify_symmetry_property[115]" time="0.000" /><testcase classname="prolog.tests.unit.test_unify_properties" name="test_unify_symmetry_property[116]" time="0.000" /><testcase classname="prolog.tests.unit.test_unify_properties" name="test_unify_symmetry_property[117]" time="0.000" /><testcase classname="prolog.tests.unit.test_unify_properties" name="test_unify_symmetry_property[118]" time="0.000" /><testcase classname="prolog.tests.unit.test_unify_properties" name="test_unify_symmetry_property[119]" time="0.000" /><testcase classname="prolog.tests.unit.test_unify_properties" name="test_unify_symmetry_property[120]" time="0.000" /><testcase classname="prolog.tests.unit.test_unify_properties" name="test_unify_symmetry_property[121]" time="0.000" /><testcase classname="prolog.tests.unit.test_unify_properties" name="test_unify_symmetry_property[122]" time="0.001" /><testcase classname="prolog.tests.unit.test_unify_properties" name="test_unify_symmetry_property[123]" time="0.000" /><testcase classname="prolog.tests.unit.test_unify_properties" name="test_unify_symmetry_property[124]" time="0.000" /><testcase classname="prolog.tests.unit.test_unify_properties" name="test_unify_symmetry_property[125]" time="0.000" /><testcase classname="prolog.tests.unit.test_unify_properties" name="test_unify_symmetry_property[126]" time="0.000" /><testcase classname="prolog.tests.unit.test_unify_properties" name="test_unify_symmetry_property[127]" time="0.000" /><testcase classname="prolog.tests.unit.test_unify_properties" name="test_unify_symmetry_property[128]" time="0.002" /><testcase classname="prolog.tests.unit.test_unify_properties" name="test_unify_symmetry_property[129]" time="0.004" /><testcase classname="prolog.tests.unit.test_unify_properties" name="test_unify_symmetry_property[130]" time="0.000" /><testcase classname="prolog.tests.unit.test_unify_properties" name="test_unify_symmetry_property[131]" time="0.000" /><testcase classname="prolog.tests.unit.test_unify_properties" name="test_unify_symmetry_property[132]" time="0.000" /><testcase classname="prolog.tests.unit.test_unify_properties" name="test_unify_symmetry_property[133]" time="0.001" /><testcase classname="prolog.tests.unit.test_unify_properties" name="test_unify_symmetry_property[134]" time="0.000" /><testcase classname="prolog.tests.unit.test_unify_properties" name="test_unify_symmetry_property[135]" time="0.000" /><testcase classname="prolog.tests.unit.test_unify_properties" name="test_unify_symmetry_property[136]" time="0.001" /><testcase classname="prolog.tests.unit.test_unify_properties" name="test_unify_symmetry_property[137]" time="0.000" /><testcase classname="prolog.tests.unit.test_unify_properties" name="test_unify_symmetry_property[138]" time="0.000" /><testcase classname="prolog.tests.unit.test_unify_properties" name="test_unify_symmetry_property[139]" time="0.000" /><testcase classname="prolog.tests.unit.test_unify_properties" name="test_unify_symmetry_property[140]" time="0.001" /><testcase classname="prolog.tests.unit.test_unify_properties" name="test_unify_symmetry_property[141]" time="0.000" /><testcase classname="prolog.tests.unit.test_unify_properties" name="test_unify_symmetry_property[142]" time="0.000" /><testcase classname="prolog.tests.unit.test_unify_properties" name="test_unify_symmetry_property[143]" time="0.000" /><testcase classname="prolog.tests.unit.test_unify_properties" name="test_unify_symmetry_property[144]" time="0.000" /><testcase classname="prolog.tests.unit.test_unify_properties" name="test_unify_symmetry_property[145]" time="0.000" /><testcase classname="prolog.tests.unit.test_unify_properties" name="test_unify_symmetry_property[146]" time="0.000" /><testcase classname="prolog.tests.unit.test_unify_properties" name="test_unify_symmetry_property[147]" time="0.000" /><testcase classname="prolog.tests.unit.test_unify_properties" name="test_unify_symmetry_property[148]" time="0.000" /><testcase classname="prolog.tests.unit.test_unify_properties" name="test_unify_symmetry_property[149]" time="0.000" /><testcase classname="prolog.tests.unit.test_unify_properties" name="test_unify_symmetry_property[150]" time="0.001" /><testcase classname="prolog.tests.unit.test_unify_properties" name="test_unify_symmetry_property[151]" time="0.000" /><testcase classname="prolog.tests.unit.test_unify_properties" name="test_unify_symmetry_property[152]" time="0.000" /><testcase classname="prolog.tests.unit.test_unify_properties" name="test_unify_symmetry_property[153]" time="0.000" /><testcase classname="prolog.tests.unit.test_unify_properties" name="test_unify_symmetry_property[154]" time="0.000" /><testcase classname="prolog.tests.unit.test_unify_properties" name="test_unify_symmetry_property[155]" time="0.001" /><testcase classname="prolog.tests.unit.test_unify_properties" name="test_unify_symmetry_property[156]" time="0.000" /><testcase classname="prolog.tests.unit.test_unify_properties" name="test_unify_symmetry_property[157]" time="0.000" /><testcase classname="prolog.tests.unit.test_unify_properties" name="test_unify_symmetry_property[158]" time="0.000" /><testcase classname="prolog.tests.unit.test_unify_properties" name="test_unify_symmetry_property[159]" time="0.000" /><testcase classname="prolog.tests.unit.test_unify_properties" name="test_unify_symmetry_property[160]" time="0.000" /><testcase classname="prolog.tests.unit.test_unify_properties" name="test_unify_symmetry_property[161]" time="0.000" /><testcase classname="prolog.tests.unit.test_unify_properties" name="test_unify_symmetry_property[162]" time="0.000" /><testcase classname="prolog.tests.unit.test_unify_properties" name="test_unify_symmetry_property[163]" time="0.000" /><testcase classname="prolog.tests.unit.test_unify_properties" name="test_unify_symmetry_property[164]" time="0.000" /><testcase classname="prolog.tests.unit.test_unify_properties" name="test_unify_symmetry_property[165]" time="0.000" /><testcase classname="prolog.tests.unit.test_unify_properties" name="test_unify_symmetry_property[166]" time="0.000" /><testcase classname="prolog.tests.unit.test_unify_properties" name="test_unify_symmetry_property[167]" time="0.000" /><testcase classname="prolog.tests.unit.test_unify_properties" name="test_unify_symmetry_property[168]" time="0.000" /><testcase classname="prolog.tests.unit.test_unify_properties" name="test_unify_symmetry_property[169]" time="0.000" /><testcase classname="prolog.tests.unit.test_unify_properties" name="test_unify_symmetry_property[170]" time="0.000" /><testcase classname="prolog.tests.unit.test_unify_properties" name="test_unify_symmetry_property[171]" time="0.000" /><testcase classname="prolog.test
[...]
uccess[57]" time="0.000" /><testcase classname="prolog.tests.unit.test_unify_properties" name="test_reified_terms_equal_on_success[58]" time="0.000" /><testcase classname="prolog.tests.unit.test_unify_properties" name="test_reified_terms_equal_on_success[59]" time="0.000" /><testcase classname="prolog.tests.unit.test_unify_properties" name="test_reified_terms_equal_on_success[60]" time="0.000" /><testcase classname="prolog.tests.unit.test_unify_properties" name="test_reified_terms_equal_on_success[61]" time="0.000" /><testcase classname="prolog.tests.unit.test_unify_properties" name="test_reified_terms_equal_on_success[62]" time="0.000" /><testcase classname="prolog.tests.unit.test_unify_properties" name="test_reified_terms_equal_on_success[63]" time="0.001" /><testcase classname="prolog.tests.unit.test_unify_properties" name="test_reified_terms_equal_on_success[64]" time="0.000" /><testcase classname="prolog.tests.unit.test_unify_properties" name="test_reified_terms_equal_on_success[65]" time="0.000" /><testcase classname="prolog.tests.unit.test_unify_properties" name="test_reified_terms_equal_on_success[66]" time="0.000" /><testcase classname="prolog.tests.unit.test_unify_properties" name="test_reified_terms_equal_on_success[67]" time="0.000" /><testcase classname="prolog.tests.unit.test_unify_properties" name="test_reified_terms_equal_on_success[68]" time="0.000" /><testcase classname="prolog.tests.unit.test_unify_properties" name="test_reified_terms_equal_on_success[69]" time="0.000" /><testcase classname="prolog.tests.unit.test_unify_properties" name="test_reified_terms_equal_on_success[70]" time="0.000" /><testcase classname="prolog.tests.unit.test_unify_properties" name="test_reified_terms_equal_on_success[71]" time="0.000" /><testcase classname="prolog.tests.unit.test_unify_properties" name="test_reified_terms_equal_on_success[72]" time="0.000" /><testcase classname="prolog.tests.unit.test_unify_properties" name="test_reified_terms_equal_on_success[73]" time="0.000" /><testcase classname="prolog.tests.unit.test_unify_properties" name="test_reified_terms_equal_on_success[74]" time="0.000" /><testcase classname="prolog.tests.unit.test_unify_properties" name="test_reified_terms_equal_on_success[75]" time="0.000" /><testcase classname="prolog.tests.unit.test_unify_properties" name="test_reified_terms_equal_on_success[76]" time="0.000" /><testcase classname="prolog.tests.unit.test_unify_properties" name="test_reified_terms_equal_on_success[77]" time="0.000" /><testcase classname="prolog.tests.unit.test_unify_properties" name="test_reified_terms_equal_on_success[78]" time="0.000" /><testcase classname="prolog.tests.unit.test_unify_properties" name="test_reified_terms_equal_on_success[79]" time="0.000" /><testcase classname="prolog.tests.unit.test_unify_properties" name="test_reified_terms_equal_on_success[80]" time="0.000" /><testcase classname="prolog.tests.unit.test_unify_properties" name="test_reified_terms_equal_on_success[81]" time="0.000" /><testcase classname="prolog.tests.unit.test_unify_properties" name="test_reified_terms_equal_on_success[82]" time="0.000" /><testcase classname="prolog.tests.unit.test_unify_properties" name="test_reified_terms_equal_on_success[83]" time="0.000" /><testcase classname="prolog.tests.unit.test_unify_properties" name="test_reified_terms_equal_on_success[84]" time="0.000" /><testcase classname="prolog.tests.unit.test_unify_properties" name="test_reified_terms_equal_on_success[85]" time="0.000" /><testcase classname="prolog.tests.unit.test_unify_properties" name="test_reified_terms_equal_on_success[86]" time="0.000" /><testcase classname="prolog.tests.unit.test_unify_properties" name="test_reified_terms_equal_on_success[87]" time="0.000" /><testcase classname="prolog.tests.unit.test_unify_properties" name="test_reified_terms_equal_on_success[88]" time="0.000" /><testcase classname="prolog.tests.unit.test_unify_properties" name="test_reified_terms_equal_on_success[89]" time="0.000" /><testcase classname="prolog.tests.unit.test_unify_properties" name="test_reified_terms_equal_on_success[90]" time="0.000" /><testcase classname="prolog.tests.unit.test_unify_properties" name="test_reified_terms_equal_on_success[91]" time="0.000" /><testcase classname="prolog.tests.unit.test_unify_properties" name="test_reified_terms_equal_on_success[92]" time="0.000" /><testcase classname="prolog.tests.unit.test_unify_properties" name="test_reified_terms_equal_on_success[93]" time="0.000" /><testcase classname="prolog.tests.unit.test_unify_properties" name="test_reified_terms_equal_on_success[94]" time="0.000" /><testcase classname="prolog.tests.unit.test_unify_properties" name="test_reified_terms_equal_on_success[95]" time="0.000" /><testcase classname="prolog.tests.unit.test_unify_properties" name="test_reified_terms_equal_on_success[96]" time="0.000" /><testcase classname="prolog.tests.unit.test_unify_properties" name="test_reified_terms_equal_on_success[97]" time="0.000" /><testcase classname="prolog.tests.unit.test_unify_properties" name="test_reified_terms_equal_on_success[98]" time="0.000" /><testcase classname="prolog.tests.unit.test_unify_properties" name="test_reified_terms_equal_on_success[99]" time="0.000" /><testcase classname="prolog.tests.unit.test_unify_properties" name="test_reified_terms_equal_on_success[100]" time="0.000" /><testcase classname="prolog.tests.unit.test_unify_properties" name="test_reified_terms_equal_on_success[101]" time="0.000" /><testcase classname="prolog.tests.unit.test_unify_properties" name="test_reified_terms_equal_on_success[102]" time="0.000" /><testcase classname="prolog.tests.unit.test_unify_properties" name="test_reified_terms_equal_on_success[103]" time="0.000" /><testcase classname="prolog.tests.unit.test_unify_properties" name="test_reified_terms_equal_on_success[104]" time="0.000" /><testcase classname="prolog.tests.unit.test_unify_properties" name="test_reified_terms_equal_on_success[105]" time="0.000" /><testcase classname="prolog.tests.unit.test_unify_properties" name="test_reified_terms_equal_on_success[106]" time="0.000" /><testcase classname="prolog.tests.unit.test_unify_properties" name="test_reified_terms_equal_on_success[107]" time="0.000" /><testcase classname="prolog.tests.unit.test_unify_properties" name="test_reified_terms_equal_on_success[108]" time="0.000" /><testcase classname="prolog.tests.unit.test_unify_properties" name="test_reified_terms_equal_on_success[109]" time="0.000" /><testcase classname="prolog.tests.unit.test_unify_properties" name="test_reified_terms_equal_on_success[110]" time="0.000" /><testcase classname="prolog.tests.unit.test_unify_properties" name="test_reified_terms_equal_on_success[111]" time="0.000" /><testcase classname="prolog.tests.unit.test_unify_properties" name="test_reified_terms_equal_on_success[112]" time="0.000" /><testcase classname="prolog.tests.unit.test_unify_properties" name="test_reified_terms_equal_on_success[113]" time="0.000" /><testcase classname="prolog.tests.unit.test_unify_properties" name="test_reified_terms_equal_on_success[114]" time="0.000" /><testcase classname="prolog.tests.unit.test_unify_properties" name="test_reified_terms_equal_on_success[115]" time="0.000" /><testcase classname="prolog.tests.unit.test_unify_properties" name="test_reified_terms_equal_on_success[116]" time="0.000" /><testcase classname="prolog.tests.unit.test_unify_properties" name="test_reified_terms_equal_on_success[117]" time="0.000" /><testcase classname="prolog.tests.unit.test_unify_properties" name="test_reified_terms_equal_on_success[118]" time="0.000" /><testcase classname="prolog.tests.unit.test_unify_properties" name="test_reified_terms_equal_on_success[119]" time="0.000" /><testcase classname="prolog.tests.unit.test_unify_properties" name="test_reified_terms_equal_on_success[120]" time="0.000" /><testcase classname="prolog.tests.unit.test_unify_properties" name="test_reified_terms_equal_on_success[121]" time="0.000" /><testcase classname="prolog.tests.unit.test_unify_properties" name="test_reified_terms_equal_on_success[122]" time="0.000" /><testcase classname="prolog.tests.unit.test_unify_properties" name="test_reified_terms_equal_on_success[123]" time="0.000" /><testcase classname="prolog.tests.unit.test_unify_properties" name="test_reified_terms_equal_on_success[124]" time="0.000" /><testcase classname="prolog.tests.unit.test_unify_properties" name="test_reified_terms_equal_on_success[125]" time="0.000" /><testcase classname="prolog.tests.unit.test_unify_properties" name="test_reified_terms_equal_on_success[126]" time="0.000" /><testcase classname="prolog.tests.unit.test_unify_properties" name="test_reified_terms_equal_on_success[127]" time="0.000" /><testcase classname="prolog.tests.unit.test_unify_properties" name="test_reified_terms_equal_on_success[128]" time="0.000" /><testcase classname="prolog.tests.unit.test_unify_properties" name="test_reified_terms_equal_on_success[129]" time="0.000" /><testcase classname="prolog.tests.unit.test_unify_properties" name="test_reified_terms_equal_on_success[130]" time="0.000" /><testcase classname="prolog.tests.unit.test_unify_properties" name="test_reified_terms_equal_on_success[131]" time="0.000" /><testcase classname="prolog.tests.unit.test_unify_properties" name="test_reified_terms_equal_on_success[132]" time="0.001" /><testcase classname="prolog.tests.unit.test_unify_properties" name="test_reified_terms_equal_on_success[133]" time="0.001" /><testcase classname="prolog.tests.unit.test_unify_properties" name="test_reified_terms_equal_on_success[134]" time="0.000" /><testcase classname="prolog.tests.unit.test_unify_properties" name="test_reified_terms_equal_on_success[135]" time="0.000" /><testcase classname="prolog.tests.unit.test_unify_properties" name="test_reified_terms_equal_on_success[136]" time="0.000" /><testcase classname="prolog.tests.unit.test_unify_properties" name="test_reified_terms_equal_on_success[137]" time="0.000" /><testcase classname="prolog.tests.unit.test_unify_properties" name="test_reified_terms_equal_on_success[138]" time="0.000" /><testcase classname="prolog.tests.unit.test_unify_properties" name="test_reified_terms_equal_on_success[139]" time="0.000" /><testcase classname="prolog.tests.unit.test_unify_properties" name="test_reified_terms_equal_on_success[140]" time="0.000" /><testcase classname="prolog.tests.unit.test_unify_properties" name="test_reified_terms_equal_on_success[141]" time="0.000" /><testcase classname="prolog.tests.unit.test_unify_properties" name="test_reified_terms_equal_on_success[142]" time="0.000" /><testcase classname="prolog.tests.unit.test_unify_properties" name="test_reified_terms_equal_on_success[143]" time="0.000" /><testcase classname="prolog.tests.unit.test_unify_properties" name="test_reified_terms_equal_on_success[144]" time="0.000" /><testcase classname="prolog.tests.unit.test_unify_properties" name="test_reified_terms_equal_on_success[145]" time="0.000" /><testcase classname="prolog.tests.unit.test_unify_properties" name="test_reified_terms_equal_on_success[146]" time="0.000" /><testcase classname="prolog.tests.unit.test_unify_properties" name="test_reified_terms_equal_on_success[147]" time="0.000" /><testcase classname="prolog.tests.unit.test_unify_properties" name="test_reified_terms_equal_on_success[148]" time="0.000" /><testcase classname="prolog.tests.unit.test_unify_properties" name="test_reified_terms_equal_on_success[149]" time="0.000" /><testcase classname="prolog.tests.unit.test_unify_properties" name="test_reified_terms_equal_on_success[150]" time="0.001" /><testcase classname="prolog.tests.unit.test_unify_properties" name="test_reified_terms_equal_on_success[151]" time="0.000" /><testcase classname="prolog.tests.unit.test_unify_properties" name="test_reified_terms_equal_on_success[152]" time="0.000" /><testcase classname="prolog.tests.unit.test_unify_properties" name="test_reified_terms_equal_on_success[153]" time="0.000" /><testcase classname="prolog.tests.unit.test_unify_properties" name="test_reified_terms_equal_on_success[154]" time="0.000" /><testcase classname="prolog.tests.unit.test_unify_properties" name="test_reified_terms_equal_on_success[155]" time="0.001" /><testcase classname="prolog.tests.unit.test_unify_properties" name="test_reified_terms_equal_on_success[156]" time="0.000" /><testcase classname="prolog.tests.unit.test_unify_properties" name="test_reified_terms_equal_on_success[157]" time="0.000" /><testcase classname="prolog.tests.unit.test_unify_properties" name="test_reified_terms_equal_on_success[158]" time="0.000" /><testcase classname="prolog.tests.unit.test_unify_properties" name="test_reified_terms_equal_on_success[159]" time="0.000" /><testcase classname="prolog.tests.unit.test_unify_properties" name="test_reified_terms_equal_on_success[160]" time="0.000" /><testcase classname="prolog.tests.unit.test_unify_properties" name="test_reified_terms_equal_on_success[161]" time="0.000" /><testcase classname="prolog.tests.unit.test_unify_properties" name="test_reified_terms_equal_on_success[162]" time="0.000" /><testcase classname="prolog.tests.unit.test_unify_properties" name="test_reified_terms_equal_on_success[163]" time="0.000" /><testcase classname="prolog.tests.unit.test_unify_properties" name="test_reified_terms_equal_on_success[164]" time="0.000" /><testcase classname="prolog.tests.unit.test_unify_properties" name="test_reified_terms_equal_on_success[165]" time="0.000" /><testcase classname="prolog.tests.unit.test_unify_properties" name="test_reified_terms_equal_on_success[166]" time="0.000" /><testcase classname="prolog.tests.unit.test_unify_properties" name="test_reified_terms_equal_on_success[167]" time="0.000" /><testcase classname="prolog.tests.unit.test_unify_properties" name="test_reified_terms_equal_on_success[168]" time="0.000" /><testcase classname="prolog.tests.unit.test_unify_properties" name="test_reified_terms_equal_on_success[169]" time="0.000" /><testcase classname="prolog.tests.unit.test_unify_properties" name="test_reified_terms_equal_on_success[170]" time="0.000" /><testcase classname="prolog.tests.unit.test_unify_properties" name="test_reified_terms_equal_on_success[171]" time="0.000" /><testcase classname="prolog.tests.unit.test_unify_properties" name="test_reified_terms_equal_on_success[172]" time="0.000" /><testcase classname="prolog.tests.unit.test_unify_properties" name="test_reified_terms_equal_on_success[173]" time="0.000" /><testcase classname="prolog.tests.unit.test_unify_properties" name="test_reified_terms_equal_on_success[174]" time="0.000" /><testcase classname="prolog.tests.unit.test_unify_properties" name="test_reified_terms_equal_on_success[175]" time="0.000" /><testcase classname="prolog.tests.unit.test_unify_properties" name="test_reified_terms_equal_on_success[176]" time="0.000" /><testcase classname="prolog.tests.unit.test_unify_properties" name="test_reified_terms_equal_on_success[177]" time="0.000" /><testcase classname="prolog.tests.unit.test_unify_properties" name="test_reified_terms_equal_on_success[178]" time="0.000" /><testcase classname="prolog.tests.unit.test_unify_properties" name="test_reified_terms_equal_on_success[179]" time="0.000" /><testcase classname="prolog.tests.unit.test_unify_properties" name="test_reified_terms_equal_on_success[180]" time="0.000" /><testcase classname="prolog.tests.unit.test_unify_properties" name="test_reified_terms_equal_on_success[181]" time="0.000" /><testcase classname="prolog.tests.unit.test_unify_properties" name="test_reified_terms_equal_on_success[182]" time="0.000" /><testcase classname="prolog.tests.unit.test_unify_properties" name="test_reified_terms_equal_on_success[183]" time="0.000" /><testcase classname="prolog.tests.unit.test_unify_properties" name="test_reified_terms_equal_on_success[184]" time="0.001" /><testcase classname="prolog.tests.unit.test_unify_properties" name="test_reified_terms_equal_on_success[185]" time="0.000" /><testcase classname="prolog.tests.unit.test_unify_properties" name="test_reified_terms_equal_on_success[186]" time="0.000" /><testcase classname="prolog.tests.unit.test_unify_properties" name="test_reified_terms_equal_on_success[187]" time="0.000" /><testcase classname="prolog.tests.unit.test_unify_properties" name="test_reified_terms_equal_on_success[188]" time="0.000" /><testcase classname="prolog.tests.unit.test_unify_properties" name="test_reified_terms_equal_on_success[189]" time="0.000" /><testcase classname="prolog.tests.unit.test_unify_properties" name="test_reified_terms_equal_on_success[190]" time="0.000" /><testcase classname="prolog.tests.unit.test_unify_properties" name="test_reified_terms_equal_on_success[191]" time="0.001" /><testcase classname="prolog.tests.unit.test_unify_properties" name="test_reified_terms_equal_on_success[192]" time="0.000" /><testcase classname="prolog.tests.unit.test_unify_properties" name="test_reified_terms_equal_on_success[193]" time="0.000" /><testcase classname="prolog.tests.unit.test_unify_properties" name="test_reified_terms_equal_on_success[194]" time="0.000" /><testcase classname="prolog.tests.unit.test_unify_properties" name="test_reified_terms_equal_on_success[195]" time="0.000" /><testcase classname="prolog.tests.unit.test_unify_properties" name="test_reified_terms_equal_on_success[196]" time="0.000" /><testcase classname="prolog.tests.unit.test_unify_properties" name="test_reified_terms_equal_on_success[197]" time="0.000" /><testcase classname="prolog.tests.unit.test_unify_properties" name="test_reified_terms_equal_on_success[198]" time="0.000" /><testcase classname="prolog.tests.unit.test_unify_properties" name="test_reified_terms_equal_on_success[199]" time="0.000" /><testcase classname="prolog.tests.unit.test_unify_stress" name="test_deeply_nested_struct_unification" time="0.038" /><testcase classname="prolog.tests.unit.test_unify_stress" name="test_deeply_nested_list_unification" time="0.027" /><testcase classname="prolog.tests.unit.test_unify_stress" name="test_deeply_nested_mixed_structures" time="0.019" /><testcase classname="prolog.tests.unit.test_unify_stress" name="test_wide_struct_unification" time="0.041" /><testcase classname="prolog.tests.unit.test_unify_stress" name="test_wide_list_unification" time="0.047" /><testcase classname="prolog.tests.unit.test_unify_stress" name="test_wide_mixed_ground_unification" time="0.021" /><testcase classname="prolog.tests.unit.test_unify_stress" name="test_many_variable_creation" time="0.045" /><testcase classname="prolog.tests.unit.test_unify_stress" name="test_long_unification_chain" time="0.035" /><testcase classname="prolog.tests.unit.test_unify_stress" name="test_star_pattern_unification" time="0.032" /><testcase classname="prolog.tests.unit.test_unify_stress" name="test_massive_trail_and_undo" time="0.066" /><testcase classname="prolog.tests.unit.test_unify_stress" name="test_incremental_trail_undo" time="0.002" /><testcase classname="prolog.tests.unit.test_unify_stress" name="test_large_graph_structure" time="0.041" /><testcase classname="prolog.tests.unit.test_unify_stress" name="test_deeply_shared_subterms" time="0.019" /><testcase classname="prolog.tests.unit.test_unify_stress" name="test_deep_occurs_check_performance" time="0.032" /><testcase classname="prolog.tests.unit.test_unify_stress" name="test_wide_occurs_check_performance" time="0.032" /><testcase classname="prolog.tests.unit.test_unify_stress" name="test_memory_efficiency" time="0.032" /><testcase classname="prolog.tests.unit.test_unify_stress" name="test_alternating_success_failure_pattern" time="0.035" /><testcase classname="prolog.tests.unit.test_unify_stress" name="test_repeated_unification_idempotence_at_scale" time="0.025" /><testcase classname="prolog.tests.unit.test_unify_stress" name="test_path_compression_under_stress" time="0.012" /><testcase classname="prolog.tests.unit.test_unify_stress" name="test_performance_baseline" time="0.064" /></testsuite></testsuites>